2018-03-27 18:48:34.3766|1|Microsoft.AspNetCore.Hosting.Internal.WebHost|INFO|Request starting HTTP/1.1 GET http://localhost:5100/swagger/   
2018-03-27 18:48:35.6852|2|Microsoft.AspNetCore.Hosting.Internal.WebHost|INFO|Request finished in 1264.6675ms 200 text/html 
2018-03-27 18:48:38.0320|1|Microsoft.AspNetCore.Hosting.Internal.WebHost|INFO|Request starting HTTP/1.1 GET http://localhost:5100/swagger/swagger-ui-bundle.js   
2018-03-27 18:48:38.0669|1|Microsoft.AspNetCore.Hosting.Internal.WebHost|INFO|Request starting HTTP/1.1 GET http://localhost:5100/swagger/swagger-ui-standalone-preset.js   
2018-03-27 18:48:38.7359|2|Microsoft.AspNetCore.StaticFiles.StaticFileMiddleware|INFO|Sending file. Request path: '/swagger-ui-bundle.js'. Physical path: 'N/A' 
2018-03-27 18:48:39.1122|1|Microsoft.AspNetCore.Hosting.Internal.WebHost|INFO|Request starting HTTP/1.1 GET http://localhost:5100/swagger/swagger-ui.css   
2018-03-27 18:48:39.7129|2|Microsoft.AspNetCore.StaticFiles.StaticFileMiddleware|INFO|Sending file. Request path: '/swagger-ui.css'. Physical path: 'N/A' 
2018-03-27 18:48:40.1265|2|Microsoft.AspNetCore.StaticFiles.StaticFileMiddleware|INFO|Sending file. Request path: '/swagger-ui-standalone-preset.js'. Physical path: 'N/A' 
2018-03-27 18:48:40.2077|2|Microsoft.AspNetCore.Hosting.Internal.WebHost|INFO|Request finished in 2491.2634ms 0 text/css 
2018-03-27 18:48:40.4577|2|Microsoft.AspNetCore.Hosting.Internal.WebHost|INFO|Request finished in 2384.765ms 200 application/javascript 
2018-03-27 18:48:40.5232|2|Microsoft.AspNetCore.Hosting.Internal.WebHost|INFO|Request finished in 2455.0232ms 0 application/javascript 
2018-03-27 18:48:53.3415|1|Microsoft.AspNetCore.Hosting.Internal.WebHost|INFO|Request starting HTTP/1.1 OPTIONS http://localhost:5100/api/test/getuser   
2018-03-27 18:48:53.3832|4|Microsoft.AspNetCore.Cors.Infrastructure.CorsService|INFO|Policy execution successful. 
2018-03-27 18:48:53.4557|2|Microsoft.AspNetCore.Hosting.Internal.WebHost|INFO|Request finished in 76.9438ms 204  
2018-03-27 18:48:53.5374|1|Microsoft.AspNetCore.Hosting.Internal.WebHost|INFO|Request starting HTTP/1.1 GET http://localhost:5100/api/test/getuser   
2018-03-27 18:48:53.5705|4|Microsoft.AspNetCore.Cors.Infrastructure.CorsService|INFO|Policy execution successful. 
2018-03-27 18:49:00.4711|2|Microsoft.AspNetCore.Authentication.JwtBearer.JwtBearerHandler|INFO|Successfully validated the token. 
2018-03-27 18:49:00.5279|8|Microsoft.AspNetCore.Authentication.JwtBearer.JwtBearerHandler|INFO|AuthenticationScheme: BearerIdentityServerAuthenticationJwt was successfully authenticated. 
2018-03-27 18:49:00.5899|8|IdentityServer4.AccessTokenValidation.IdentityServerAuthenticationHandler|INFO|AuthenticationScheme: Bearer was successfully authenticated. 
2018-03-27 18:49:03.6897|1|Microsoft.AspNetCore.Authorization.DefaultAuthorizationService|INFO|Authorization was successful for user: admin. 
2018-03-27 18:49:03.8763|1|Microsoft.AspNetCore.Mvc.Internal.ControllerActionInvoker|INFO|Executing action method KiraNet.Camellia.ApiService.Controllers.TestController.GetUser (KiraNet.Camellia.ApiService) with arguments ((null)) - ModelState is Valid 
2018-03-27 18:49:04.1696|1|Microsoft.AspNetCore.Mvc.Formatters.Json.Internal.JsonResultExecutor|INFO|Executing JsonResult, writing value System.Linq.Enumerable+SelectEnumerableIterator`2[System.Security.Claims.Claim,<>f__AnonymousType0`2[System.String,System.String]]. 
2018-03-27 18:49:04.7416|2|Microsoft.AspNetCore.Mvc.Internal.ControllerActionInvoker|INFO|Executed action KiraNet.Camellia.ApiService.Controllers.TestController.GetUser (KiraNet.Camellia.ApiService) in 730.2835ms 
2018-03-27 18:49:04.8521|2|Microsoft.AspNetCore.Hosting.Internal.WebHost|INFO|Request finished in 11282.4ms 200 application/json; charset=utf-8 
2018-03-27 18:54:06.0287|1|Microsoft.AspNetCore.Hosting.Internal.WebHost|INFO|Request starting HTTP/1.1 GET http://localhost:5100/swagger/   
2018-03-27 18:54:07.5270|2|Microsoft.AspNetCore.Hosting.Internal.WebHost|INFO|Request finished in 1781.7018ms 200 text/html 
2018-03-27 18:54:07.8239|1|Microsoft.AspNetCore.Hosting.Internal.WebHost|INFO|Request starting HTTP/1.1 GET http://localhost:5100/swagger/swagger-ui-standalone-preset.js   
2018-03-27 18:54:07.9383|1|Microsoft.AspNetCore.Hosting.Internal.WebHost|INFO|Request starting HTTP/1.1 GET http://localhost:5100/swagger/swagger-ui.css   
2018-03-27 18:54:07.9650|1|Microsoft.AspNetCore.Hosting.Internal.WebHost|INFO|Request starting HTTP/1.1 GET http://localhost:5100/swagger/swagger-ui-bundle.js   
2018-03-27 18:54:08.1841|2|Microsoft.AspNetCore.StaticFiles.StaticFileMiddleware|INFO|Sending file. Request path: '/swagger-ui.css'. Physical path: 'N/A' 
2018-03-27 18:54:08.2335|2|Microsoft.AspNetCore.StaticFiles.StaticFileMiddleware|INFO|Sending file. Request path: '/swagger-ui-standalone-preset.js'. Physical path: 'N/A' 
2018-03-27 18:54:08.5326|2|Microsoft.AspNetCore.Hosting.Internal.WebHost|INFO|Request finished in 500.1302ms 206 application/javascript 
2018-03-27 18:54:09.1726|2|Microsoft.AspNetCore.Hosting.Internal.WebHost|INFO|Request finished in 1103.2714ms 200 application/javascript 
2018-03-27 18:54:09.2110|2|Microsoft.AspNetCore.Hosting.Internal.WebHost|INFO|Request finished in 809.1575ms 200 text/css 
2018-03-27 18:54:09.2594|1|Microsoft.AspNetCore.Hosting.Internal.WebHost|INFO|Request starting HTTP/1.1 GET http://localhost:5100/swagger/swagger-ui-bundle.js   
2018-03-27 18:54:10.2426|2|Microsoft.AspNetCore.Hosting.Internal.WebHost|INFO|Request finished in 588.6295ms 206 application/javascript 
2018-03-27 18:54:20.1877|1|Microsoft.AspNetCore.Hosting.Internal.WebHost|INFO|Request starting HTTP/1.1 OPTIONS http://localhost:5100/api/test/getuser   
2018-03-27 18:54:20.2177|4|Microsoft.AspNetCore.Cors.Infrastructure.CorsService|INFO|Policy execution successful. 
2018-03-27 18:54:20.2797|2|Microsoft.AspNetCore.Hosting.Internal.WebHost|INFO|Request finished in 73.5934ms 204  
2018-03-27 18:54:20.3681|1|Microsoft.AspNetCore.Hosting.Internal.WebHost|INFO|Request starting HTTP/1.1 GET http://localhost:5100/api/test/getuser   
2018-03-27 18:54:20.4688|4|Microsoft.AspNetCore.Cors.Infrastructure.CorsService|INFO|Policy execution successful. 
2018-03-27 18:54:25.1960|2|Microsoft.AspNetCore.Authentication.JwtBearer.JwtBearerHandler|INFO|Successfully validated the token. 
2018-03-27 18:54:25.2374|8|Microsoft.AspNetCore.Authentication.JwtBearer.JwtBearerHandler|INFO|AuthenticationScheme: BearerIdentityServerAuthenticationJwt was successfully authenticated. 
2018-03-27 18:54:25.2688|8|IdentityServer4.AccessTokenValidation.IdentityServerAuthenticationHandler|INFO|AuthenticationScheme: Bearer was successfully authenticated. 
2018-03-27 18:54:26.0182|1|Microsoft.AspNetCore.Authorization.DefaultAuthorizationService|INFO|Authorization was successful for user: admin. 
2018-03-27 18:54:26.1227|1|Microsoft.AspNetCore.Mvc.Internal.ControllerActionInvoker|INFO|Executing action method KiraNet.Camellia.ApiService.Controllers.TestController.GetUser (KiraNet.Camellia.ApiService) with arguments ((null)) - ModelState is Valid 
2018-03-27 18:54:26.1725|1|Microsoft.AspNetCore.Mvc.Formatters.Json.Internal.JsonResultExecutor|INFO|Executing JsonResult, writing value System.Linq.Enumerable+SelectEnumerableIterator`2[System.Security.Claims.Claim,<>f__AnonymousType0`2[System.String,System.String]]. 
2018-03-27 18:54:26.2566|2|Microsoft.AspNetCore.Mvc.Internal.ControllerActionInvoker|INFO|Executed action KiraNet.Camellia.ApiService.Controllers.TestController.GetUser (KiraNet.Camellia.ApiService) in 271.3767ms 
2018-03-27 18:54:26.3345|2|Microsoft.AspNetCore.Hosting.Internal.WebHost|INFO|Request finished in 5946.0801ms 200 application/json; charset=utf-8 
2018-03-27 18:58:29.2274|1|Microsoft.AspNetCore.Hosting.Internal.WebHost|INFO|Request starting HTTP/1.1 OPTIONS http://localhost:5100/api/test/getuser   
2018-03-27 18:58:29.2678|4|Microsoft.AspNetCore.Cors.Infrastructure.CorsService|INFO|Policy execution successful. 
2018-03-27 18:58:29.3555|2|Microsoft.AspNetCore.Hosting.Internal.WebHost|INFO|Request finished in 114.616ms 204  
2018-03-27 18:58:29.4517|1|Microsoft.AspNetCore.Hosting.Internal.WebHost|INFO|Request starting HTTP/1.1 GET http://localhost:5100/api/test/getuser   
2018-03-27 18:58:29.4985|4|Microsoft.AspNetCore.Cors.Infrastructure.CorsService|INFO|Policy execution successful. 
2018-03-27 18:58:29.6628|2|Microsoft.AspNetCore.Authentication.JwtBearer.JwtBearerHandler|INFO|Successfully validated the token. 
2018-03-27 18:58:29.7080|8|Microsoft.AspNetCore.Authentication.JwtBearer.JwtBearerHandler|INFO|AuthenticationScheme: BearerIdentityServerAuthenticationJwt was successfully authenticated. 
2018-03-27 18:58:29.7552|8|IdentityServer4.AccessTokenValidation.IdentityServerAuthenticationHandler|INFO|AuthenticationScheme: Bearer was successfully authenticated. 
2018-03-27 18:58:29.8587|1|Microsoft.AspNetCore.Authorization.DefaultAuthorizationService|INFO|Authorization was successful for user: admin. 
2018-03-27 18:58:29.9182|1|Microsoft.AspNetCore.Mvc.Internal.ControllerActionInvoker|INFO|Executing action method KiraNet.Camellia.ApiService.Controllers.TestController.GetUser (KiraNet.Camellia.ApiService) with arguments ((null)) - ModelState is Valid 
2018-03-27 18:58:29.9800|1|Microsoft.AspNetCore.Mvc.Formatters.Json.Internal.JsonResultExecutor|INFO|Executing JsonResult, writing value System.Linq.Enumerable+SelectEnumerableIterator`2[System.Security.Claims.Claim,<>f__AnonymousType0`2[System.String,System.String]]. 
2018-03-27 18:58:30.0684|2|Microsoft.AspNetCore.Mvc.Internal.ControllerActionInvoker|INFO|Executed action KiraNet.Camellia.ApiService.Controllers.TestController.GetUser (KiraNet.Camellia.ApiService) in 205.2393ms 
2018-03-27 18:58:30.1048|2|Microsoft.AspNetCore.Hosting.Internal.WebHost|INFO|Request finished in 675.0682ms 200 application/json; charset=utf-8 
