2018-03-24 00:02:34.3920|1|Microsoft.AspNetCore.Hosting.Internal.WebHost|INFO|Request starting HTTP/1.1 GET http://localhost:5100/swagger/   
2018-03-24 00:02:35.2215|2|Microsoft.AspNetCore.Hosting.Internal.WebHost|INFO|Request finished in 797.2309ms 200 text/html 
2018-03-24 00:02:36.0315|1|Microsoft.AspNetCore.Hosting.Internal.WebHost|INFO|Request starting HTTP/1.1 GET http://localhost:5100/swagger/v1/swagger.json   
2018-03-24 00:02:36.7930|2|Microsoft.AspNetCore.Hosting.Internal.WebHost|INFO|Request finished in 757.6492ms 200 application/json 
2018-03-24 11:07:45.4004|1|Microsoft.AspNetCore.Hosting.Internal.WebHost|INFO|Request starting HTTP/1.1 GET http://localhost:5100/swagger/   
2018-03-24 11:07:46.5499|2|Microsoft.AspNetCore.Hosting.Internal.WebHost|INFO|Request finished in 1446.7507ms 200 text/html 
2018-03-24 13:28:15.0475|1|Microsoft.AspNetCore.Hosting.Internal.WebHost|INFO|Request starting HTTP/1.1 GET http://localhost:5100/swagger/   
2018-03-24 13:28:15.7485|2|Microsoft.AspNetCore.Hosting.Internal.WebHost|INFO|Request finished in 750.18ms 200 text/html 
2018-03-24 13:33:15.3185|1|Microsoft.AspNetCore.Hosting.Internal.WebHost|INFO|Request starting HTTP/1.1 GET http://localhost:5100/swagger/   
2018-03-24 13:33:16.6548|2|Microsoft.AspNetCore.Hosting.Internal.WebHost|INFO|Request finished in 1682.2234ms 200 text/html 
2018-03-24 13:43:54.1498|1|Microsoft.AspNetCore.Hosting.Internal.WebHost|INFO|Request starting HTTP/1.1 GET http://localhost:5100/swagger/   
2018-03-24 13:43:55.2923|2|Microsoft.AspNetCore.Hosting.Internal.WebHost|INFO|Request finished in 761.2676ms 200 text/html 
2018-03-24 13:43:56.4340|1|Microsoft.AspNetCore.Hosting.Internal.WebHost|INFO|Request starting HTTP/1.1 GET http://localhost:5100/swagger/v1/swagger.json   
2018-03-24 13:43:57.7995|2|Microsoft.AspNetCore.Hosting.Internal.WebHost|INFO|Request finished in 1383.4357ms 200 application/json 
2018-03-24 13:58:26.9088|1|Microsoft.AspNetCore.Hosting.Internal.WebHost|INFO|Request starting HTTP/1.1 GET http://localhost:5100/swagger/   
2018-03-24 13:58:27.6670|2|Microsoft.AspNetCore.Hosting.Internal.WebHost|INFO|Request finished in 841.7509ms 200 text/html 
2018-03-24 13:58:30.6277|1|Microsoft.AspNetCore.Hosting.Internal.WebHost|INFO|Request starting HTTP/1.1 GET http://localhost:5100/swagger/v1/swagger.json   
2018-03-24 13:58:31.8837|2|Microsoft.AspNetCore.Hosting.Internal.WebHost|INFO|Request finished in 1337.4444ms 200 application/json 
2018-03-24 14:24:42.1773|1|Microsoft.AspNetCore.Hosting.Internal.WebHost|INFO|Request starting HTTP/1.1 GET http://localhost:5100/swagger/   
2018-03-24 14:24:43.0228|2|Microsoft.AspNetCore.Hosting.Internal.WebHost|INFO|Request finished in 486.3092ms 200 text/html 
2018-03-24 14:24:43.9355|1|Microsoft.AspNetCore.Hosting.Internal.WebHost|INFO|Request starting HTTP/1.1 GET http://localhost:5100/swagger/v1/swagger.json   
2018-03-24 14:24:44.7678|2|Microsoft.AspNetCore.Hosting.Internal.WebHost|INFO|Request finished in 752.6915ms 200 application/json 
2018-03-24 14:26:26.7327|22|Microsoft.AspNetCore.Server.Kestrel|WARN|Heartbeat took longer than "00:00:01" at "03/24/2018 06:26:26 +00:00". 
2018-03-24 14:26:27.0083|1|Microsoft.AspNetCore.Hosting.Internal.WebHost|INFO|Request starting HTTP/1.1 GET http://localhost:5100/swagger/   
2018-03-24 14:26:27.5665|2|Microsoft.AspNetCore.Hosting.Internal.WebHost|INFO|Request finished in 454.0271ms 200 text/html 
2018-03-24 14:35:39.4068|1|Microsoft.AspNetCore.Hosting.Internal.WebHost|INFO|Request starting HTTP/1.1 GET http://localhost:5100/swagger/   
2018-03-24 14:35:39.8992|2|Microsoft.AspNetCore.Hosting.Internal.WebHost|INFO|Request finished in 648.3741ms 200 text/html 
2018-03-24 14:45:29.5134|1|Microsoft.AspNetCore.Hosting.Internal.WebHost|INFO|Request starting HTTP/1.1 GET http://localhost:5100/swagger/   
2018-03-24 14:45:30.1871|2|Microsoft.AspNetCore.Hosting.Internal.WebHost|INFO|Request finished in 625.318ms 200 text/html 
2018-03-24 14:48:40.5600|1|Microsoft.AspNetCore.Hosting.Internal.WebHost|INFO|Request starting HTTP/1.1 GET http://localhost:5100/swagger/   
2018-03-24 14:48:41.2300|2|Microsoft.AspNetCore.Hosting.Internal.WebHost|INFO|Request finished in 870.2709ms 200 text/html 
2018-03-24 15:04:45.9585|1|Microsoft.AspNetCore.Hosting.Internal.WebHost|INFO|Request starting HTTP/1.1 GET http://localhost:5100/swagger/   
2018-03-24 15:04:47.7490|2|Microsoft.AspNetCore.Hosting.Internal.WebHost|INFO|Request finished in 1426.8762ms 200 text/html 
2018-03-24 15:36:25.9046|22|Microsoft.AspNetCore.Server.Kestrel|WARN|Heartbeat took longer than "00:00:01" at "03/24/2018 07:36:25 +00:00". 
2018-03-24 15:36:27.7719|1|Microsoft.AspNetCore.Hosting.Internal.WebHost|INFO|Request starting HTTP/1.1 GET http://localhost:5100/swagger/   
2018-03-24 15:36:28.3823|2|Microsoft.AspNetCore.Hosting.Internal.WebHost|INFO|Request finished in 1346.746ms 200 text/html 
2018-03-24 15:36:32.8161|1|Microsoft.AspNetCore.Hosting.Internal.WebHost|INFO|Request starting HTTP/1.1 GET http://localhost:5100/swagger/v1/swagger.json   
2018-03-24 15:36:33.8836|2|Microsoft.AspNetCore.Hosting.Internal.WebHost|INFO|Request finished in 1117.2991ms 200 application/json 
2018-03-24 15:39:27.3612|1|Microsoft.AspNetCore.Hosting.Internal.WebHost|INFO|Request starting HTTP/1.1 GET http://localhost:5100/swagger/   
2018-03-24 15:39:29.4710|2|Microsoft.AspNetCore.Hosting.Internal.WebHost|INFO|Request finished in 1818.614ms 200 text/html 
2018-03-24 16:03:45.1254|1|Microsoft.AspNetCore.Hosting.Internal.WebHost|INFO|Request starting HTTP/1.1 GET http://localhost:5100/swagger/   
2018-03-24 16:03:46.4453|2|Microsoft.AspNetCore.Hosting.Internal.WebHost|INFO|Request finished in 1336.1419ms 200 text/html 
2018-03-24 16:05:16.9776|1|Microsoft.AspNetCore.Hosting.Internal.WebHost|INFO|Request starting HTTP/1.1 GET http://localhost:5100/swagger/   
2018-03-24 16:05:17.5887|2|Microsoft.AspNetCore.Hosting.Internal.WebHost|INFO|Request finished in 729.8915ms 200 text/html 
2018-03-24 16:08:49.4923|1|Microsoft.AspNetCore.Hosting.Internal.WebHost|INFO|Request starting HTTP/1.1 GET http://localhost:5100/swagger/   
2018-03-24 16:08:50.2328|2|Microsoft.AspNetCore.Hosting.Internal.WebHost|INFO|Request finished in 764.5617ms 200 text/html 
2018-03-24 16:08:52.9117|1|Microsoft.AspNetCore.Hosting.Internal.WebHost|INFO|Request starting HTTP/1.1 GET http://localhost:5100/swagger/v1/swagger.json   
2018-03-24 16:08:53.8337|2|Microsoft.AspNetCore.Hosting.Internal.WebHost|INFO|Request finished in 951.5917ms 200 application/json 
2018-03-24 16:10:06.8150|1|Microsoft.AspNetCore.Hosting.Internal.WebHost|INFO|Request starting HTTP/1.1 GET http://localhost:5100/swagger/   
2018-03-24 16:10:07.9083|2|Microsoft.AspNetCore.Hosting.Internal.WebHost|INFO|Request finished in 757.2381ms 200 text/html 
2018-03-24 16:10:09.2829|1|Microsoft.AspNetCore.Hosting.Internal.WebHost|INFO|Request starting HTTP/1.1 GET http://localhost:5100/swagger/v1/swagger.json   
2018-03-24 16:10:10.3045|2|Microsoft.AspNetCore.Hosting.Internal.WebHost|INFO|Request finished in 1066.6384ms 200 application/json 
2018-03-24 16:46:27.2387|1|Microsoft.AspNetCore.Hosting.Internal.WebHost|INFO|Request starting HTTP/1.1 GET http://localhost:5100/swagger/   
2018-03-24 16:46:27.8864|2|Microsoft.AspNetCore.Hosting.Internal.WebHost|INFO|Request finished in 526.9036ms 200 text/html 
2018-03-24 16:46:30.0663|1|Microsoft.AspNetCore.Hosting.Internal.WebHost|INFO|Request starting HTTP/1.1 GET http://localhost:5100/swagger/v1/swagger.json   
2018-03-24 16:46:30.8908|2|Microsoft.AspNetCore.Hosting.Internal.WebHost|INFO|Request finished in 767.5969ms 200 application/json 
2018-03-24 16:47:07.7562|1|Microsoft.AspNetCore.Hosting.Internal.WebHost|INFO|Request starting HTTP/1.1 GET http://localhost:5100/swagger/   
2018-03-24 16:47:08.1671|2|Microsoft.AspNetCore.Hosting.Internal.WebHost|INFO|Request finished in 556.6005ms 200 text/html 
2018-03-24 18:13:00.2673|1|Microsoft.AspNetCore.Hosting.Internal.WebHost|INFO|Request starting HTTP/1.1 GET http://localhost:5100/swagger/   
2018-03-24 18:13:01.7067|2|Microsoft.AspNetCore.Hosting.Internal.WebHost|INFO|Request finished in 1610.6494ms 200 text/html 
2018-03-24 18:13:04.0268|1|Microsoft.AspNetCore.Hosting.Internal.WebHost|INFO|Request starting HTTP/1.1 GET http://localhost:5100/swagger/v1/swagger.json   
2018-03-24 18:13:05.8372|2|Microsoft.AspNetCore.Hosting.Internal.WebHost|INFO|Request finished in 1577.8607ms 200 application/json 
2018-03-24 20:30:13.0671|1|Microsoft.AspNetCore.Hosting.Internal.WebHost|INFO|Request starting HTTP/1.1 GET http://localhost:5100/swagger/   
2018-03-24 20:30:13.7396|2|Microsoft.AspNetCore.Hosting.Internal.WebHost|INFO|Request finished in 550.1984ms 200 text/html 
2018-03-24 20:30:14.6586|1|Microsoft.AspNetCore.Hosting.Internal.WebHost|INFO|Request starting HTTP/1.1 GET http://localhost:5100/swagger/v1/swagger.json   
2018-03-24 20:30:15.5023|2|Microsoft.AspNetCore.Hosting.Internal.WebHost|INFO|Request finished in 838.3958ms 200 application/json 
2018-03-24 20:30:26.3789|1|Microsoft.AspNetCore.Hosting.Internal.WebHost|INFO|Request starting HTTP/1.1 GET http://localhost:5100/api/Test/GetUser   
2018-03-24 20:30:26.7586|2|Microsoft.AspNetCore.Authorization.DefaultAuthorizationService|INFO|Authorization failed for user: (null). 
2018-03-24 20:30:26.7822|3|Microsoft.AspNetCore.Mvc.Internal.ControllerActionInvoker|INFO|Authorization failed for the request at filter 'Microsoft.AspNetCore.Mvc.Authorization.AuthorizeFilter'. 
2018-03-24 20:30:26.8202|1|Microsoft.AspNetCore.Mvc.ChallengeResult|INFO|Executing ChallengeResult with authentication schemes (). 
2018-03-24 20:30:27.3637|12|Microsoft.AspNetCore.Authentication.JwtBearer.JwtBearerHandler|INFO|AuthenticationScheme: BearerIdentityServerAuthenticationJwt was challenged. 
2018-03-24 20:30:27.3906|12|IdentityServer4.AccessTokenValidation.IdentityServerAuthenticationHandler|INFO|AuthenticationScheme: Bearer was challenged. 
2018-03-24 20:30:27.4746|2|Microsoft.AspNetCore.Mvc.Internal.ControllerActionInvoker|INFO|Executed action KiraNet.Camellia.ApiService.Controllers.TestController.GetUser (KiraNet.Camellia.ApiService) in 704.1939ms 
2018-03-24 20:30:27.5254|2|Microsoft.AspNetCore.Hosting.Internal.WebHost|INFO|Request finished in 1136.925ms 401  
2018-03-24 20:30:46.8928|1|Microsoft.AspNetCore.Hosting.Internal.WebHost|INFO|Request starting HTTP/1.1 GET http://localhost:5100/test/getuser   
2018-03-24 20:30:46.9672|2|Microsoft.AspNetCore.Hosting.Internal.WebHost|INFO|Request finished in 23.9333ms 404  
2018-03-24 22:21:51.3192|1|Microsoft.AspNetCore.Hosting.Internal.WebHost|INFO|Request starting HTTP/1.1 GET http://localhost:5100/docs/   
2018-03-24 22:21:51.8253|2|Microsoft.AspNetCore.Hosting.Internal.WebHost|INFO|Request finished in 558.5476ms 404  
2018-03-24 22:22:21.7420|1|Microsoft.AspNetCore.Hosting.Internal.WebHost|INFO|Request starting HTTP/1.1 GET http://localhost:5100/docs/v1/swagger   
2018-03-24 22:22:22.5645|2|Microsoft.AspNetCore.Hosting.Internal.WebHost|INFO|Request finished in 586.7699ms 404  
2018-03-24 22:22:27.4582|1|Microsoft.AspNetCore.Hosting.Internal.WebHost|INFO|Request starting HTTP/1.1 GET http://localhost:5100/swagger/   
2018-03-24 22:22:27.5800|2|Microsoft.AspNetCore.Hosting.Internal.WebHost|INFO|Request finished in 190.7762ms 200 text/html 
2018-03-24 22:22:28.7090|1|Microsoft.AspNetCore.Hosting.Internal.WebHost|INFO|Request starting HTTP/1.1 GET http://localhost:5100/docs/v1/docs.json   
2018-03-24 22:22:28.8754|2|Microsoft.AspNetCore.Hosting.Internal.WebHost|INFO|Request finished in 40.6213ms 404  
2018-03-24 22:23:58.9349|1|Microsoft.AspNetCore.Hosting.Internal.WebHost|INFO|Request starting HTTP/1.1 GET http://localhost:5100/docs/   
2018-03-24 22:23:59.9579|2|Microsoft.AspNetCore.Hosting.Internal.WebHost|INFO|Request finished in 1092.076ms 404  
2018-03-24 22:24:09.2212|1|Microsoft.AspNetCore.Hosting.Internal.WebHost|INFO|Request starting HTTP/1.1 GET http://localhost:5100/swagger/   
2018-03-24 22:24:09.8231|2|Microsoft.AspNetCore.Hosting.Internal.WebHost|INFO|Request finished in 221.4282ms 200 text/html 
2018-03-24 22:24:11.7644|1|Microsoft.AspNetCore.Hosting.Internal.WebHost|INFO|Request starting HTTP/1.1 GET http://localhost:5100/swagger/v1/swagger.json   
2018-03-24 22:24:13.1105|2|Microsoft.AspNetCore.Hosting.Internal.WebHost|INFO|Request finished in 887.1992ms 200 application/json 
2018-03-24 22:38:08.3097|1|Microsoft.AspNetCore.Hosting.Internal.WebHost|INFO|Request starting HTTP/1.1 GET http://localhost:5100/api/api/test/getuser   
2018-03-24 22:38:11.1367|1|Microsoft.AspNetCore.Authentication.JwtBearer.JwtBearerHandler|INFO|Failed to validate the token eyJhbGciOiJSUzI1NiIsImtpZCI6IkRBMDQ5NEZGN0ZDRjA1MUE4ODlCQkVDQjU0MTQzOEY0QjZGREU3QzQiLCJ0eXAiOiJKV1QiLCJ4NXQiOiIyZ1NVXzNfUEJScUltNzdMVkJRNDlMYjk1OFEifQ.eyJuYmYiOjE1MjE5MDIyMTEsImV4cCI6MTUyMTkwMzExMSwiaXNzIjoiaHR0cDovL2xvY2FsaG9zdDo1MDAwIiwiYXVkIjpbImh0dHA6Ly9sb2NhbGhvc3Q6NTAwMC9yZXNvdXJjZXMiLCJjbGllbnRfbmFtZSJdLCJjbGllbnRfaWQiOiJjbGllbnRfaWQiLCJzdWIiOiI0YjBiZjAxYy02ZmFlLTRlY2MtOTIwMi1mZWFkYTc3YWQzODgiLCJhdXRoX3RpbWUiOjE1MjE4ODczMzksImlkcCI6ImxvY2FsIiwicHJlZmVycmVkX3VzZXJuYW1lIjoiYWRtaW4iLCJuYW1lIjoiYWRtaW4iLCJzY29wZSI6WyJvcGVuaWQiLCJwcm9maWxlIiwiY2xpZW50X25hbWUiXSwiYW1yIjpbInB3ZCJdfQ.zXbSSKOAiKp_3_cZAjXS4Ex3xZ6S0aZoyWOxvt6hath5MovQCCGPa5Y7IX9sv8wc1Mi3IYbcyalc2Zz_D4-PQ2vOVpN8dNDGf4PmipDmL7jpx36aTHN-e8KzfgliINzu1BEUEX-zEpXibO-Iv504b7q7_VKGX10QNouCh5ZU-_Y7rG0P37QjvkYi4dRfV2S4j3z5qqY6Iw2F5j_RKv0zPQBb9qEyn_Op-FJaDQaAxS4Yjxp9b9E-e0zBrA06etoit642F4AEEEVnfcxMvu5eZSVb6SQn43xhHkUQqx-a8AbsiLdPs0-0arbXKfBU6sgrpZAoiaK8PfFXwkvKhF97bw. IDX10214: Audience validation failed. Audiences: 'http://localhost:5000/resources, client_name'. Did not match: validationParameters.ValidAudience: 'api_name' or validationParameters.ValidAudiences: 'null'.
2018-03-24 22:38:11.1768|7|Microsoft.AspNetCore.Authentication.JwtBearer.JwtBearerHandler|INFO|BearerIdentityServerAuthenticationJwt was not authenticated. Failure message: IDX10214: Audience validation failed. Audiences: 'http://localhost:5000/resources, client_name'. Did not match: validationParameters.ValidAudience: 'api_name' or validationParameters.ValidAudiences: 'null'. 
2018-03-24 22:38:11.2081|7|IdentityServer4.AccessTokenValidation.IdentityServerAuthenticationHandler|INFO|Bearer was not authenticated. Failure message: IDX10214: Audience validation failed. Audiences: 'http://localhost:5000/resources, client_name'. Did not match: validationParameters.ValidAudience: 'api_name' or validationParameters.ValidAudiences: 'null'. 
2018-03-24 22:38:11.2930|2|Microsoft.AspNetCore.Hosting.Internal.WebHost|INFO|Request finished in 2988.1236ms 404  
2018-03-24 22:38:36.4608|1|Microsoft.AspNetCore.Hosting.Internal.WebHost|INFO|Request starting HTTP/1.1 GET http://localhost:5100/api/api/test/getuser   
2018-03-24 22:38:36.5646|1|Microsoft.AspNetCore.Authentication.JwtBearer.JwtBearerHandler|INFO|Failed to validate the token eyJhbGciOiJSUzI1NiIsImtpZCI6IkRBMDQ5NEZGN0ZDRjA1MUE4ODlCQkVDQjU0MTQzOEY0QjZGREU3QzQiLCJ0eXAiOiJKV1QiLCJ4NXQiOiIyZ1NVXzNfUEJScUltNzdMVkJRNDlMYjk1OFEifQ.eyJuYmYiOjE1MjE5MDIyMTEsImV4cCI6MTUyMTkwMzExMSwiaXNzIjoiaHR0cDovL2xvY2FsaG9zdDo1MDAwIiwiYXVkIjpbImh0dHA6Ly9sb2NhbGhvc3Q6NTAwMC9yZXNvdXJjZXMiLCJjbGllbnRfbmFtZSJdLCJjbGllbnRfaWQiOiJjbGllbnRfaWQiLCJzdWIiOiI0YjBiZjAxYy02ZmFlLTRlY2MtOTIwMi1mZWFkYTc3YWQzODgiLCJhdXRoX3RpbWUiOjE1MjE4ODczMzksImlkcCI6ImxvY2FsIiwicHJlZmVycmVkX3VzZXJuYW1lIjoiYWRtaW4iLCJuYW1lIjoiYWRtaW4iLCJzY29wZSI6WyJvcGVuaWQiLCJwcm9maWxlIiwiY2xpZW50X25hbWUiXSwiYW1yIjpbInB3ZCJdfQ.zXbSSKOAiKp_3_cZAjXS4Ex3xZ6S0aZoyWOxvt6hath5MovQCCGPa5Y7IX9sv8wc1Mi3IYbcyalc2Zz_D4-PQ2vOVpN8dNDGf4PmipDmL7jpx36aTHN-e8KzfgliINzu1BEUEX-zEpXibO-Iv504b7q7_VKGX10QNouCh5ZU-_Y7rG0P37QjvkYi4dRfV2S4j3z5qqY6Iw2F5j_RKv0zPQBb9qEyn_Op-FJaDQaAxS4Yjxp9b9E-e0zBrA06etoit642F4AEEEVnfcxMvu5eZSVb6SQn43xhHkUQqx-a8AbsiLdPs0-0arbXKfBU6sgrpZAoiaK8PfFXwkvKhF97bw. IDX10214: Audience validation failed. Audiences: 'http://localhost:5000/resources, client_name'. Did not match: validationParameters.ValidAudience: 'api_name' or validationParameters.ValidAudiences: 'null'.
2018-03-24 22:38:36.6382|7|Microsoft.AspNetCore.Authentication.JwtBearer.JwtBearerHandler|INFO|BearerIdentityServerAuthenticationJwt was not authenticated. Failure message: IDX10214: Audience validation failed. Audiences: 'http://localhost:5000/resources, client_name'. Did not match: validationParameters.ValidAudience: 'api_name' or validationParameters.ValidAudiences: 'null'. 
2018-03-24 22:38:36.6697|7|IdentityServer4.AccessTokenValidation.IdentityServerAuthenticationHandler|INFO|Bearer was not authenticated. Failure message: IDX10214: Audience validation failed. Audiences: 'http://localhost:5000/resources, client_name'. Did not match: validationParameters.ValidAudience: 'api_name' or validationParameters.ValidAudiences: 'null'. 
2018-03-24 22:38:36.7544|2|Microsoft.AspNetCore.Hosting.Internal.WebHost|INFO|Request finished in 272.0832ms 404  
2018-03-24 22:39:23.8284|1|Microsoft.AspNetCore.Hosting.Internal.WebHost|INFO|Request starting HTTP/1.1 GET http://localhost:5100/api/api/test/getuser   
2018-03-24 22:39:24.6227|1|Microsoft.AspNetCore.Authentication.JwtBearer.JwtBearerHandler|INFO|Failed to validate the token eyJhbGciOiJSUzI1NiIsImtpZCI6IkRBMDQ5NEZGN0ZDRjA1MUE4ODlCQkVDQjU0MTQzOEY0QjZGREU3QzQiLCJ0eXAiOiJKV1QiLCJ4NXQiOiIyZ1NVXzNfUEJScUltNzdMVkJRNDlMYjk1OFEifQ.eyJuYmYiOjE1MjE5MDIyMTEsImV4cCI6MTUyMTkwMzExMSwiaXNzIjoiaHR0cDovL2xvY2FsaG9zdDo1MDAwIiwiYXVkIjpbImh0dHA6Ly9sb2NhbGhvc3Q6NTAwMC9yZXNvdXJjZXMiLCJjbGllbnRfbmFtZSJdLCJjbGllbnRfaWQiOiJjbGllbnRfaWQiLCJzdWIiOiI0YjBiZjAxYy02ZmFlLTRlY2MtOTIwMi1mZWFkYTc3YWQzODgiLCJhdXRoX3RpbWUiOjE1MjE4ODczMzksImlkcCI6ImxvY2FsIiwicHJlZmVycmVkX3VzZXJuYW1lIjoiYWRtaW4iLCJuYW1lIjoiYWRtaW4iLCJzY29wZSI6WyJvcGVuaWQiLCJwcm9maWxlIiwiY2xpZW50X25hbWUiXSwiYW1yIjpbInB3ZCJdfQ.zXbSSKOAiKp_3_cZAjXS4Ex3xZ6S0aZoyWOxvt6hath5MovQCCGPa5Y7IX9sv8wc1Mi3IYbcyalc2Zz_D4-PQ2vOVpN8dNDGf4PmipDmL7jpx36aTHN-e8KzfgliINzu1BEUEX-zEpXibO-Iv504b7q7_VKGX10QNouCh5ZU-_Y7rG0P37QjvkYi4dRfV2S4j3z5qqY6Iw2F5j_RKv0zPQBb9qEyn_Op-FJaDQaAxS4Yjxp9b9E-e0zBrA06etoit642F4AEEEVnfcxMvu5eZSVb6SQn43xhHkUQqx-a8AbsiLdPs0-0arbXKfBU6sgrpZAoiaK8PfFXwkvKhF97bw. IDX10214: Audience validation failed. Audiences: 'http://localhost:5000/resources, client_name'. Did not match: validationParameters.ValidAudience: 'api_name' or validationParameters.ValidAudiences: 'null'.
2018-03-24 22:39:24.6857|7|Microsoft.AspNetCore.Authentication.JwtBearer.JwtBearerHandler|INFO|BearerIdentityServerAuthenticationJwt was not authenticated. Failure message: IDX10214: Audience validation failed. Audiences: 'http://localhost:5000/resources, client_name'. Did not match: validationParameters.ValidAudience: 'api_name' or validationParameters.ValidAudiences: 'null'. 
2018-03-24 22:39:24.7237|7|IdentityServer4.AccessTokenValidation.IdentityServerAuthenticationHandler|INFO|Bearer was not authenticated. Failure message: IDX10214: Audience validation failed. Audiences: 'http://localhost:5000/resources, client_name'. Did not match: validationParameters.ValidAudience: 'api_name' or validationParameters.ValidAudiences: 'null'. 
2018-03-24 22:39:24.7859|2|Microsoft.AspNetCore.Hosting.Internal.WebHost|INFO|Request finished in 926.3853ms 404  
2018-03-24 22:40:10.0823|1|Microsoft.AspNetCore.Hosting.Internal.WebHost|INFO|Request starting HTTP/1.1 GET http://localhost:5100/api/api/test/getuser   
2018-03-24 22:40:10.2155|1|Microsoft.AspNetCore.Authentication.JwtBearer.JwtBearerHandler|INFO|Failed to validate the token eyJhbGciOiJSUzI1NiIsImtpZCI6IkRBMDQ5NEZGN0ZDRjA1MUE4ODlCQkVDQjU0MTQzOEY0QjZGREU3QzQiLCJ0eXAiOiJKV1QiLCJ4NXQiOiIyZ1NVXzNfUEJScUltNzdMVkJRNDlMYjk1OFEifQ.eyJuYmYiOjE1MjE5MDIyMTEsImV4cCI6MTUyMTkwMzExMSwiaXNzIjoiaHR0cDovL2xvY2FsaG9zdDo1MDAwIiwiYXVkIjpbImh0dHA6Ly9sb2NhbGhvc3Q6NTAwMC9yZXNvdXJjZXMiLCJjbGllbnRfbmFtZSJdLCJjbGllbnRfaWQiOiJjbGllbnRfaWQiLCJzdWIiOiI0YjBiZjAxYy02ZmFlLTRlY2MtOTIwMi1mZWFkYTc3YWQzODgiLCJhdXRoX3RpbWUiOjE1MjE4ODczMzksImlkcCI6ImxvY2FsIiwicHJlZmVycmVkX3VzZXJuYW1lIjoiYWRtaW4iLCJuYW1lIjoiYWRtaW4iLCJzY29wZSI6WyJvcGVuaWQiLCJwcm9maWxlIiwiY2xpZW50X25hbWUiXSwiYW1yIjpbInB3ZCJdfQ.zXbSSKOAiKp_3_cZAjXS4Ex3xZ6S0aZoyWOxvt6hath5MovQCCGPa5Y7IX9sv8wc1Mi3IYbcyalc2Zz_D4-PQ2vOVpN8dNDGf4PmipDmL7jpx36aTHN-e8KzfgliINzu1BEUEX-zEpXibO-Iv504b7q7_VKGX10QNouCh5ZU-_Y7rG0P37QjvkYi4dRfV2S4j3z5qqY6Iw2F5j_RKv0zPQBb9qEyn_Op-FJaDQaAxS4Yjxp9b9E-e0zBrA06etoit642F4AEEEVnfcxMvu5eZSVb6SQn43xhHkUQqx-a8AbsiLdPs0-0arbXKfBU6sgrpZAoiaK8PfFXwkvKhF97bw. IDX10214: Audience validation failed. Audiences: 'http://localhost:5000/resources, client_name'. Did not match: validationParameters.ValidAudience: 'api_name' or validationParameters.ValidAudiences: 'null'.
2018-03-24 22:40:10.2876|7|Microsoft.AspNetCore.Authentication.JwtBearer.JwtBearerHandler|INFO|BearerIdentityServerAuthenticationJwt was not authenticated. Failure message: IDX10214: Audience validation failed. Audiences: 'http://localhost:5000/resources, client_name'. Did not match: validationParameters.ValidAudience: 'api_name' or validationParameters.ValidAudiences: 'null'. 
2018-03-24 22:40:10.5453|7|IdentityServer4.AccessTokenValidation.IdentityServerAuthenticationHandler|INFO|Bearer was not authenticated. Failure message: IDX10214: Audience validation failed. Audiences: 'http://localhost:5000/resources, client_name'. Did not match: validationParameters.ValidAudience: 'api_name' or validationParameters.ValidAudiences: 'null'. 
2018-03-24 22:40:10.8381|2|Microsoft.AspNetCore.Hosting.Internal.WebHost|INFO|Request finished in 718.4375ms 404  
2018-03-24 22:43:13.8568|1|Microsoft.AspNetCore.Hosting.Internal.WebHost|INFO|Request starting HTTP/1.1 GET http://localhost:5100/api/api/test/getuser   
2018-03-24 22:43:13.9102|1|Microsoft.AspNetCore.Authentication.JwtBearer.JwtBearerHandler|INFO|Failed to validate the token eyJhbGciOiJSUzI1NiIsImtpZCI6IkRBMDQ5NEZGN0ZDRjA1MUE4ODlCQkVDQjU0MTQzOEY0QjZGREU3QzQiLCJ0eXAiOiJKV1QiLCJ4NXQiOiIyZ1NVXzNfUEJScUltNzdMVkJRNDlMYjk1OFEifQ.eyJuYmYiOjE1MjE5MDIyMTEsImV4cCI6MTUyMTkwMzExMSwiaXNzIjoiaHR0cDovL2xvY2FsaG9zdDo1MDAwIiwiYXVkIjpbImh0dHA6Ly9sb2NhbGhvc3Q6NTAwMC9yZXNvdXJjZXMiLCJjbGllbnRfbmFtZSJdLCJjbGllbnRfaWQiOiJjbGllbnRfaWQiLCJzdWIiOiI0YjBiZjAxYy02ZmFlLTRlY2MtOTIwMi1mZWFkYTc3YWQzODgiLCJhdXRoX3RpbWUiOjE1MjE4ODczMzksImlkcCI6ImxvY2FsIiwicHJlZmVycmVkX3VzZXJuYW1lIjoiYWRtaW4iLCJuYW1lIjoiYWRtaW4iLCJzY29wZSI6WyJvcGVuaWQiLCJwcm9maWxlIiwiY2xpZW50X25hbWUiXSwiYW1yIjpbInB3ZCJdfQ.zXbSSKOAiKp_3_cZAjXS4Ex3xZ6S0aZoyWOxvt6hath5MovQCCGPa5Y7IX9sv8wc1Mi3IYbcyalc2Zz_D4-PQ2vOVpN8dNDGf4PmipDmL7jpx36aTHN-e8KzfgliINzu1BEUEX-zEpXibO-Iv504b7q7_VKGX10QNouCh5ZU-_Y7rG0P37QjvkYi4dRfV2S4j3z5qqY6Iw2F5j_RKv0zPQBb9qEyn_Op-FJaDQaAxS4Yjxp9b9E-e0zBrA06etoit642F4AEEEVnfcxMvu5eZSVb6SQn43xhHkUQqx-a8AbsiLdPs0-0arbXKfBU6sgrpZAoiaK8PfFXwkvKhF97bw. IDX10214: Audience validation failed. Audiences: 'http://localhost:5000/resources, client_name'. Did not match: validationParameters.ValidAudience: 'api_name' or validationParameters.ValidAudiences: 'null'.
2018-03-24 22:43:13.9287|7|Microsoft.AspNetCore.Authentication.JwtBearer.JwtBearerHandler|INFO|BearerIdentityServerAuthenticationJwt was not authenticated. Failure message: IDX10214: Audience validation failed. Audiences: 'http://localhost:5000/resources, client_name'. Did not match: validationParameters.ValidAudience: 'api_name' or validationParameters.ValidAudiences: 'null'. 
2018-03-24 22:43:13.9405|7|IdentityServer4.AccessTokenValidation.IdentityServerAuthenticationHandler|INFO|Bearer was not authenticated. Failure message: IDX10214: Audience validation failed. Audiences: 'http://localhost:5000/resources, client_name'. Did not match: validationParameters.ValidAudience: 'api_name' or validationParameters.ValidAudiences: 'null'. 
2018-03-24 22:43:14.0134|2|Microsoft.AspNetCore.Hosting.Internal.WebHost|INFO|Request finished in 97.9846ms 404  
2018-03-24 22:45:17.0099|1|Microsoft.AspNetCore.Hosting.Internal.WebHost|INFO|Request starting HTTP/1.1 GET http://localhost:5100/api/api/test/getuser   
2018-03-24 22:45:17.0668|1|Microsoft.AspNetCore.Authentication.JwtBearer.JwtBearerHandler|INFO|Failed to validate the token eyJhbGciOiJSUzI1NiIsImtpZCI6IkRBMDQ5NEZGN0ZDRjA1MUE4ODlCQkVDQjU0MTQzOEY0QjZGREU3QzQiLCJ0eXAiOiJKV1QiLCJ4NXQiOiIyZ1NVXzNfUEJScUltNzdMVkJRNDlMYjk1OFEifQ.eyJuYmYiOjE1MjE5MDIyMTEsImV4cCI6MTUyMTkwMzExMSwiaXNzIjoiaHR0cDovL2xvY2FsaG9zdDo1MDAwIiwiYXVkIjpbImh0dHA6Ly9sb2NhbGhvc3Q6NTAwMC9yZXNvdXJjZXMiLCJjbGllbnRfbmFtZSJdLCJjbGllbnRfaWQiOiJjbGllbnRfaWQiLCJzdWIiOiI0YjBiZjAxYy02ZmFlLTRlY2MtOTIwMi1mZWFkYTc3YWQzODgiLCJhdXRoX3RpbWUiOjE1MjE4ODczMzksImlkcCI6ImxvY2FsIiwicHJlZmVycmVkX3VzZXJuYW1lIjoiYWRtaW4iLCJuYW1lIjoiYWRtaW4iLCJzY29wZSI6WyJvcGVuaWQiLCJwcm9maWxlIiwiY2xpZW50X25hbWUiXSwiYW1yIjpbInB3ZCJdfQ.zXbSSKOAiKp_3_cZAjXS4Ex3xZ6S0aZoyWOxvt6hath5MovQCCGPa5Y7IX9sv8wc1Mi3IYbcyalc2Zz_D4-PQ2vOVpN8dNDGf4PmipDmL7jpx36aTHN-e8KzfgliINzu1BEUEX-zEpXibO-Iv504b7q7_VKGX10QNouCh5ZU-_Y7rG0P37QjvkYi4dRfV2S4j3z5qqY6Iw2F5j_RKv0zPQBb9qEyn_Op-FJaDQaAxS4Yjxp9b9E-e0zBrA06etoit642F4AEEEVnfcxMvu5eZSVb6SQn43xhHkUQqx-a8AbsiLdPs0-0arbXKfBU6sgrpZAoiaK8PfFXwkvKhF97bw. IDX10214: Audience validation failed. Audiences: 'http://localhost:5000/resources, client_name'. Did not match: validationParameters.ValidAudience: 'api_name' or validationParameters.ValidAudiences: 'null'.
2018-03-24 22:45:17.0963|7|Microsoft.AspNetCore.Authentication.JwtBearer.JwtBearerHandler|INFO|BearerIdentityServerAuthenticationJwt was not authenticated. Failure message: IDX10214: Audience validation failed. Audiences: 'http://localhost:5000/resources, client_name'. Did not match: validationParameters.ValidAudience: 'api_name' or validationParameters.ValidAudiences: 'null'. 
2018-03-24 22:45:17.1133|7|IdentityServer4.AccessTokenValidation.IdentityServerAuthenticationHandler|INFO|Bearer was not authenticated. Failure message: IDX10214: Audience validation failed. Audiences: 'http://localhost:5000/resources, client_name'. Did not match: validationParameters.ValidAudience: 'api_name' or validationParameters.ValidAudiences: 'null'. 
2018-03-24 22:45:17.1551|2|Microsoft.AspNetCore.Hosting.Internal.WebHost|INFO|Request finished in 130.6003ms 404  
2018-03-24 22:47:02.2097|1|Microsoft.AspNetCore.Hosting.Internal.WebHost|INFO|Request starting HTTP/1.1 GET http://localhost:5100/api/api/test/getuser   
2018-03-24 22:47:02.2981|1|Microsoft.AspNetCore.Authentication.JwtBearer.JwtBearerHandler|INFO|Failed to validate the token eyJhbGciOiJSUzI1NiIsImtpZCI6IkRBMDQ5NEZGN0ZDRjA1MUE4ODlCQkVDQjU0MTQzOEY0QjZGREU3QzQiLCJ0eXAiOiJKV1QiLCJ4NXQiOiIyZ1NVXzNfUEJScUltNzdMVkJRNDlMYjk1OFEifQ.eyJuYmYiOjE1MjE5MDIyMTEsImV4cCI6MTUyMTkwMzExMSwiaXNzIjoiaHR0cDovL2xvY2FsaG9zdDo1MDAwIiwiYXVkIjpbImh0dHA6Ly9sb2NhbGhvc3Q6NTAwMC9yZXNvdXJjZXMiLCJjbGllbnRfbmFtZSJdLCJjbGllbnRfaWQiOiJjbGllbnRfaWQiLCJzdWIiOiI0YjBiZjAxYy02ZmFlLTRlY2MtOTIwMi1mZWFkYTc3YWQzODgiLCJhdXRoX3RpbWUiOjE1MjE4ODczMzksImlkcCI6ImxvY2FsIiwicHJlZmVycmVkX3VzZXJuYW1lIjoiYWRtaW4iLCJuYW1lIjoiYWRtaW4iLCJzY29wZSI6WyJvcGVuaWQiLCJwcm9maWxlIiwiY2xpZW50X25hbWUiXSwiYW1yIjpbInB3ZCJdfQ.zXbSSKOAiKp_3_cZAjXS4Ex3xZ6S0aZoyWOxvt6hath5MovQCCGPa5Y7IX9sv8wc1Mi3IYbcyalc2Zz_D4-PQ2vOVpN8dNDGf4PmipDmL7jpx36aTHN-e8KzfgliINzu1BEUEX-zEpXibO-Iv504b7q7_VKGX10QNouCh5ZU-_Y7rG0P37QjvkYi4dRfV2S4j3z5qqY6Iw2F5j_RKv0zPQBb9qEyn_Op-FJaDQaAxS4Yjxp9b9E-e0zBrA06etoit642F4AEEEVnfcxMvu5eZSVb6SQn43xhHkUQqx-a8AbsiLdPs0-0arbXKfBU6sgrpZAoiaK8PfFXwkvKhF97bw. IDX10214: Audience validation failed. Audiences: 'http://localhost:5000/resources, client_name'. Did not match: validationParameters.ValidAudience: 'api_name' or validationParameters.ValidAudiences: 'null'.
2018-03-24 22:47:02.4080|7|Microsoft.AspNetCore.Authentication.JwtBearer.JwtBearerHandler|INFO|BearerIdentityServerAuthenticationJwt was not authenticated. Failure message: IDX10214: Audience validation failed. Audiences: 'http://localhost:5000/resources, client_name'. Did not match: validationParameters.ValidAudience: 'api_name' or validationParameters.ValidAudiences: 'null'. 
2018-03-24 22:47:02.4663|7|IdentityServer4.AccessTokenValidation.IdentityServerAuthenticationHandler|INFO|Bearer was not authenticated. Failure message: IDX10214: Audience validation failed. Audiences: 'http://localhost:5000/resources, client_name'. Did not match: validationParameters.ValidAudience: 'api_name' or validationParameters.ValidAudiences: 'null'. 
2018-03-24 22:47:02.5773|2|Microsoft.AspNetCore.Hosting.Internal.WebHost|INFO|Request finished in 275.5583ms 404  
2018-03-24 22:47:45.4606|1|Microsoft.AspNetCore.Hosting.Internal.WebHost|INFO|Request starting HTTP/1.1 GET http://localhost:5100/api/api/test/getuser   
2018-03-24 22:47:45.5137|1|Microsoft.AspNetCore.Authentication.JwtBearer.JwtBearerHandler|INFO|Failed to validate the token eyJhbGciOiJSUzI1NiIsImtpZCI6IkRBMDQ5NEZGN0ZDRjA1MUE4ODlCQkVDQjU0MTQzOEY0QjZGREU3QzQiLCJ0eXAiOiJKV1QiLCJ4NXQiOiIyZ1NVXzNfUEJScUltNzdMVkJRNDlMYjk1OFEifQ.eyJuYmYiOjE1MjE5MDIyMTEsImV4cCI6MTUyMTkwMzExMSwiaXNzIjoiaHR0cDovL2xvY2FsaG9zdDo1MDAwIiwiYXVkIjpbImh0dHA6Ly9sb2NhbGhvc3Q6NTAwMC9yZXNvdXJjZXMiLCJjbGllbnRfbmFtZSJdLCJjbGllbnRfaWQiOiJjbGllbnRfaWQiLCJzdWIiOiI0YjBiZjAxYy02ZmFlLTRlY2MtOTIwMi1mZWFkYTc3YWQzODgiLCJhdXRoX3RpbWUiOjE1MjE4ODczMzksImlkcCI6ImxvY2FsIiwicHJlZmVycmVkX3VzZXJuYW1lIjoiYWRtaW4iLCJuYW1lIjoiYWRtaW4iLCJzY29wZSI6WyJvcGVuaWQiLCJwcm9maWxlIiwiY2xpZW50X25hbWUiXSwiYW1yIjpbInB3ZCJdfQ.zXbSSKOAiKp_3_cZAjXS4Ex3xZ6S0aZoyWOxvt6hath5MovQCCGPa5Y7IX9sv8wc1Mi3IYbcyalc2Zz_D4-PQ2vOVpN8dNDGf4PmipDmL7jpx36aTHN-e8KzfgliINzu1BEUEX-zEpXibO-Iv504b7q7_VKGX10QNouCh5ZU-_Y7rG0P37QjvkYi4dRfV2S4j3z5qqY6Iw2F5j_RKv0zPQBb9qEyn_Op-FJaDQaAxS4Yjxp9b9E-e0zBrA06etoit642F4AEEEVnfcxMvu5eZSVb6SQn43xhHkUQqx-a8AbsiLdPs0-0arbXKfBU6sgrpZAoiaK8PfFXwkvKhF97bw. IDX10214: Audience validation failed. Audiences: 'http://localhost:5000/resources, client_name'. Did not match: validationParameters.ValidAudience: 'api_name' or validationParameters.ValidAudiences: 'null'.
2018-03-24 22:47:45.5388|7|Microsoft.AspNetCore.Authentication.JwtBearer.JwtBearerHandler|INFO|BearerIdentityServerAuthenticationJwt was not authenticated. Failure message: IDX10214: Audience validation failed. Audiences: 'http://localhost:5000/resources, client_name'. Did not match: validationParameters.ValidAudience: 'api_name' or validationParameters.ValidAudiences: 'null'. 
2018-03-24 22:47:45.5643|7|IdentityServer4.AccessTokenValidation.IdentityServerAuthenticationHandler|INFO|Bearer was not authenticated. Failure message: IDX10214: Audience validation failed. Audiences: 'http://localhost:5000/resources, client_name'. Did not match: validationParameters.ValidAudience: 'api_name' or validationParameters.ValidAudiences: 'null'. 
2018-03-24 22:47:45.6423|2|Microsoft.AspNetCore.Hosting.Internal.WebHost|INFO|Request finished in 125.0428ms 404  
2018-03-24 22:51:36.5690|1|Microsoft.AspNetCore.Hosting.Internal.WebHost|INFO|Request starting HTTP/1.1 GET http://localhost:5100/api/api/test/getuser   
2018-03-24 22:51:37.1567|1|Microsoft.AspNetCore.Authentication.JwtBearer.JwtBearerHandler|INFO|Failed to validate the token eyJhbGciOiJSUzI1NiIsImtpZCI6IkRBMDQ5NEZGN0ZDRjA1MUE4ODlCQkVDQjU0MTQzOEY0QjZGREU3QzQiLCJ0eXAiOiJKV1QiLCJ4NXQiOiIyZ1NVXzNfUEJScUltNzdMVkJRNDlMYjk1OFEifQ.eyJuYmYiOjE1MjE5MDIyMTEsImV4cCI6MTUyMTkwMzExMSwiaXNzIjoiaHR0cDovL2xvY2FsaG9zdDo1MDAwIiwiYXVkIjpbImh0dHA6Ly9sb2NhbGhvc3Q6NTAwMC9yZXNvdXJjZXMiLCJjbGllbnRfbmFtZSJdLCJjbGllbnRfaWQiOiJjbGllbnRfaWQiLCJzdWIiOiI0YjBiZjAxYy02ZmFlLTRlY2MtOTIwMi1mZWFkYTc3YWQzODgiLCJhdXRoX3RpbWUiOjE1MjE4ODczMzksImlkcCI6ImxvY2FsIiwicHJlZmVycmVkX3VzZXJuYW1lIjoiYWRtaW4iLCJuYW1lIjoiYWRtaW4iLCJzY29wZSI6WyJvcGVuaWQiLCJwcm9maWxlIiwiY2xpZW50X25hbWUiXSwiYW1yIjpbInB3ZCJdfQ.zXbSSKOAiKp_3_cZAjXS4Ex3xZ6S0aZoyWOxvt6hath5MovQCCGPa5Y7IX9sv8wc1Mi3IYbcyalc2Zz_D4-PQ2vOVpN8dNDGf4PmipDmL7jpx36aTHN-e8KzfgliINzu1BEUEX-zEpXibO-Iv504b7q7_VKGX10QNouCh5ZU-_Y7rG0P37QjvkYi4dRfV2S4j3z5qqY6Iw2F5j_RKv0zPQBb9qEyn_Op-FJaDQaAxS4Yjxp9b9E-e0zBrA06etoit642F4AEEEVnfcxMvu5eZSVb6SQn43xhHkUQqx-a8AbsiLdPs0-0arbXKfBU6sgrpZAoiaK8PfFXwkvKhF97bw. IDX10214: Audience validation failed. Audiences: 'http://localhost:5000/resources, client_name'. Did not match: validationParameters.ValidAudience: 'api_name' or validationParameters.ValidAudiences: 'null'.
2018-03-24 22:51:37.2114|7|Microsoft.AspNetCore.Authentication.JwtBearer.JwtBearerHandler|INFO|BearerIdentityServerAuthenticationJwt was not authenticated. Failure message: IDX10214: Audience validation failed. Audiences: 'http://localhost:5000/resources, client_name'. Did not match: validationParameters.ValidAudience: 'api_name' or validationParameters.ValidAudiences: 'null'. 
2018-03-24 22:51:37.5773|7|IdentityServer4.AccessTokenValidation.IdentityServerAuthenticationHandler|INFO|Bearer was not authenticated. Failure message: IDX10214: Audience validation failed. Audiences: 'http://localhost:5000/resources, client_name'. Did not match: validationParameters.ValidAudience: 'api_name' or validationParameters.ValidAudiences: 'null'. 
2018-03-24 22:51:37.8524|2|Microsoft.AspNetCore.Hosting.Internal.WebHost|INFO|Request finished in 1075.7627ms 404  
2018-03-24 22:52:24.4177|1|Microsoft.AspNetCore.Hosting.Internal.WebHost|INFO|Request starting HTTP/1.1 GET http://localhost:5100/api/test/getuser   
2018-03-24 22:52:24.7932|1|Microsoft.AspNetCore.Authentication.JwtBearer.JwtBearerHandler|INFO|Failed to validate the token eyJhbGciOiJSUzI1NiIsImtpZCI6IkRBMDQ5NEZGN0ZDRjA1MUE4ODlCQkVDQjU0MTQzOEY0QjZGREU3QzQiLCJ0eXAiOiJKV1QiLCJ4NXQiOiIyZ1NVXzNfUEJScUltNzdMVkJRNDlMYjk1OFEifQ.eyJuYmYiOjE1MjE5MDIyMTEsImV4cCI6MTUyMTkwMzExMSwiaXNzIjoiaHR0cDovL2xvY2FsaG9zdDo1MDAwIiwiYXVkIjpbImh0dHA6Ly9sb2NhbGhvc3Q6NTAwMC9yZXNvdXJjZXMiLCJjbGllbnRfbmFtZSJdLCJjbGllbnRfaWQiOiJjbGllbnRfaWQiLCJzdWIiOiI0YjBiZjAxYy02ZmFlLTRlY2MtOTIwMi1mZWFkYTc3YWQzODgiLCJhdXRoX3RpbWUiOjE1MjE4ODczMzksImlkcCI6ImxvY2FsIiwicHJlZmVycmVkX3VzZXJuYW1lIjoiYWRtaW4iLCJuYW1lIjoiYWRtaW4iLCJzY29wZSI6WyJvcGVuaWQiLCJwcm9maWxlIiwiY2xpZW50X25hbWUiXSwiYW1yIjpbInB3ZCJdfQ.zXbSSKOAiKp_3_cZAjXS4Ex3xZ6S0aZoyWOxvt6hath5MovQCCGPa5Y7IX9sv8wc1Mi3IYbcyalc2Zz_D4-PQ2vOVpN8dNDGf4PmipDmL7jpx36aTHN-e8KzfgliINzu1BEUEX-zEpXibO-Iv504b7q7_VKGX10QNouCh5ZU-_Y7rG0P37QjvkYi4dRfV2S4j3z5qqY6Iw2F5j_RKv0zPQBb9qEyn_Op-FJaDQaAxS4Yjxp9b9E-e0zBrA06etoit642F4AEEEVnfcxMvu5eZSVb6SQn43xhHkUQqx-a8AbsiLdPs0-0arbXKfBU6sgrpZAoiaK8PfFXwkvKhF97bw. IDX10214: Audience validation failed. Audiences: 'http://localhost:5000/resources, client_name'. Did not match: validationParameters.ValidAudience: 'api_name' or validationParameters.ValidAudiences: 'null'.
2018-03-24 22:52:25.5646|7|Microsoft.AspNetCore.Authentication.JwtBearer.JwtBearerHandler|INFO|BearerIdentityServerAuthenticationJwt was not authenticated. Failure message: IDX10214: Audience validation failed. Audiences: 'http://localhost:5000/resources, client_name'. Did not match: validationParameters.ValidAudience: 'api_name' or validationParameters.ValidAudiences: 'null'. 
2018-03-24 22:52:25.6040|7|IdentityServer4.AccessTokenValidation.IdentityServerAuthenticationHandler|INFO|Bearer was not authenticated. Failure message: IDX10214: Audience validation failed. Audiences: 'http://localhost:5000/resources, client_name'. Did not match: validationParameters.ValidAudience: 'api_name' or validationParameters.ValidAudiences: 'null'. 
2018-03-24 22:52:27.4987|2|Microsoft.AspNetCore.Authorization.DefaultAuthorizationService|INFO|Authorization failed for user: (null). 
2018-03-24 22:52:27.5664|3|Microsoft.AspNetCore.Mvc.Internal.ControllerActionInvoker|INFO|Authorization failed for the request at filter 'Microsoft.AspNetCore.Mvc.Authorization.AuthorizeFilter'. 
2018-03-24 22:52:27.6442|1|Microsoft.AspNetCore.Mvc.ChallengeResult|INFO|Executing ChallengeResult with authentication schemes (). 
2018-03-24 22:52:27.9601|12|Microsoft.AspNetCore.Authentication.JwtBearer.JwtBearerHandler|INFO|AuthenticationScheme: BearerIdentityServerAuthenticationJwt was challenged. 
2018-03-24 22:52:28.0029|12|IdentityServer4.AccessTokenValidation.IdentityServerAuthenticationHandler|INFO|AuthenticationScheme: Bearer was challenged. 
2018-03-24 22:52:28.0409|2|Microsoft.AspNetCore.Mvc.Internal.ControllerActionInvoker|INFO|Executed action KiraNet.Camellia.ApiService.Controllers.TestController.GetUser (KiraNet.Camellia.ApiService) in 907.361ms 
2018-03-24 22:52:28.0766|2|Microsoft.AspNetCore.Hosting.Internal.WebHost|INFO|Request finished in 4240.6292ms 401  
2018-03-24 22:52:28.6846|1|Microsoft.AspNetCore.Hosting.Internal.WebHost|INFO|Request starting HTTP/1.1 GET http://localhost:5100/api/test/getuser   
2018-03-24 22:52:28.7597|1|Microsoft.AspNetCore.Authentication.JwtBearer.JwtBearerHandler|INFO|Failed to validate the token eyJhbGciOiJSUzI1NiIsImtpZCI6IkRBMDQ5NEZGN0ZDRjA1MUE4ODlCQkVDQjU0MTQzOEY0QjZGREU3QzQiLCJ0eXAiOiJKV1QiLCJ4NXQiOiIyZ1NVXzNfUEJScUltNzdMVkJRNDlMYjk1OFEifQ.eyJuYmYiOjE1MjE5MDIyMTEsImV4cCI6MTUyMTkwMzExMSwiaXNzIjoiaHR0cDovL2xvY2FsaG9zdDo1MDAwIiwiYXVkIjpbImh0dHA6Ly9sb2NhbGhvc3Q6NTAwMC9yZXNvdXJjZXMiLCJjbGllbnRfbmFtZSJdLCJjbGllbnRfaWQiOiJjbGllbnRfaWQiLCJzdWIiOiI0YjBiZjAxYy02ZmFlLTRlY2MtOTIwMi1mZWFkYTc3YWQzODgiLCJhdXRoX3RpbWUiOjE1MjE4ODczMzksImlkcCI6ImxvY2FsIiwicHJlZmVycmVkX3VzZXJuYW1lIjoiYWRtaW4iLCJuYW1lIjoiYWRtaW4iLCJzY29wZSI6WyJvcGVuaWQiLCJwcm9maWxlIiwiY2xpZW50X25hbWUiXSwiYW1yIjpbInB3ZCJdfQ.zXbSSKOAiKp_3_cZAjXS4Ex3xZ6S0aZoyWOxvt6hath5MovQCCGPa5Y7IX9sv8wc1Mi3IYbcyalc2Zz_D4-PQ2vOVpN8dNDGf4PmipDmL7jpx36aTHN-e8KzfgliINzu1BEUEX-zEpXibO-Iv504b7q7_VKGX10QNouCh5ZU-_Y7rG0P37QjvkYi4dRfV2S4j3z5qqY6Iw2F5j_RKv0zPQBb9qEyn_Op-FJaDQaAxS4Yjxp9b9E-e0zBrA06etoit642F4AEEEVnfcxMvu5eZSVb6SQn43xhHkUQqx-a8AbsiLdPs0-0arbXKfBU6sgrpZAoiaK8PfFXwkvKhF97bw. IDX10214: Audience validation failed. Audiences: 'http://localhost:5000/resources, client_name'. Did not match: validationParameters.ValidAudience: 'api_name' or validationParameters.ValidAudiences: 'null'.
2018-03-24 22:52:28.7834|7|Microsoft.AspNetCore.Authentication.JwtBearer.JwtBearerHandler|INFO|BearerIdentityServerAuthenticationJwt was not authenticated. Failure message: IDX10214: Audience validation failed. Audiences: 'http://localhost:5000/resources, client_name'. Did not match: validationParameters.ValidAudience: 'api_name' or validationParameters.ValidAudiences: 'null'. 
2018-03-24 22:52:28.8243|7|IdentityServer4.AccessTokenValidation.IdentityServerAuthenticationHandler|INFO|Bearer was not authenticated. Failure message: IDX10214: Audience validation failed. Audiences: 'http://localhost:5000/resources, client_name'. Did not match: validationParameters.ValidAudience: 'api_name' or validationParameters.ValidAudiences: 'null'. 
2018-03-24 22:52:28.8658|2|Microsoft.AspNetCore.Authorization.DefaultAuthorizationService|INFO|Authorization failed for user: (null). 
2018-03-24 22:52:28.9343|3|Microsoft.AspNetCore.Mvc.Internal.ControllerActionInvoker|INFO|Authorization failed for the request at filter 'Microsoft.AspNetCore.Mvc.Authorization.AuthorizeFilter'. 
2018-03-24 22:52:28.9570|1|Microsoft.AspNetCore.Mvc.ChallengeResult|INFO|Executing ChallengeResult with authentication schemes (). 
2018-03-24 22:52:29.0565|12|Microsoft.AspNetCore.Authentication.JwtBearer.JwtBearerHandler|INFO|AuthenticationScheme: BearerIdentityServerAuthenticationJwt was challenged. 
2018-03-24 22:52:29.0830|12|IdentityServer4.AccessTokenValidation.IdentityServerAuthenticationHandler|INFO|AuthenticationScheme: Bearer was challenged. 
2018-03-24 22:52:29.1117|2|Microsoft.AspNetCore.Mvc.Internal.ControllerActionInvoker|INFO|Executed action KiraNet.Camellia.ApiService.Controllers.TestController.GetUser (KiraNet.Camellia.ApiService) in 258.5484ms 
2018-03-24 22:52:29.1876|2|Microsoft.AspNetCore.Hosting.Internal.WebHost|INFO|Request finished in 483.0037ms 401  
2018-03-24 22:52:30.9814|1|Microsoft.AspNetCore.Hosting.Internal.WebHost|INFO|Request starting HTTP/1.1 GET http://localhost:5100/api/test/getuser   
2018-03-24 22:52:31.1692|1|Microsoft.AspNetCore.Authentication.JwtBearer.JwtBearerHandler|INFO|Failed to validate the token eyJhbGciOiJSUzI1NiIsImtpZCI6IkRBMDQ5NEZGN0ZDRjA1MUE4ODlCQkVDQjU0MTQzOEY0QjZGREU3QzQiLCJ0eXAiOiJKV1QiLCJ4NXQiOiIyZ1NVXzNfUEJScUltNzdMVkJRNDlMYjk1OFEifQ.eyJuYmYiOjE1MjE5MDIyMTEsImV4cCI6MTUyMTkwMzExMSwiaXNzIjoiaHR0cDovL2xvY2FsaG9zdDo1MDAwIiwiYXVkIjpbImh0dHA6Ly9sb2NhbGhvc3Q6NTAwMC9yZXNvdXJjZXMiLCJjbGllbnRfbmFtZSJdLCJjbGllbnRfaWQiOiJjbGllbnRfaWQiLCJzdWIiOiI0YjBiZjAxYy02ZmFlLTRlY2MtOTIwMi1mZWFkYTc3YWQzODgiLCJhdXRoX3RpbWUiOjE1MjE4ODczMzksImlkcCI6ImxvY2FsIiwicHJlZmVycmVkX3VzZXJuYW1lIjoiYWRtaW4iLCJuYW1lIjoiYWRtaW4iLCJzY29wZSI6WyJvcGVuaWQiLCJwcm9maWxlIiwiY2xpZW50X25hbWUiXSwiYW1yIjpbInB3ZCJdfQ.zXbSSKOAiKp_3_cZAjXS4Ex3xZ6S0aZoyWOxvt6hath5MovQCCGPa5Y7IX9sv8wc1Mi3IYbcyalc2Zz_D4-PQ2vOVpN8dNDGf4PmipDmL7jpx36aTHN-e8KzfgliINzu1BEUEX-zEpXibO-Iv504b7q7_VKGX10QNouCh5ZU-_Y7rG0P37QjvkYi4dRfV2S4j3z5qqY6Iw2F5j_RKv0zPQBb9qEyn_Op-FJaDQaAxS4Yjxp9b9E-e0zBrA06etoit642F4AEEEVnfcxMvu5eZSVb6SQn43xhHkUQqx-a8AbsiLdPs0-0arbXKfBU6sgrpZAoiaK8PfFXwkvKhF97bw. IDX10214: Audience validation failed. Audiences: 'http://localhost:5000/resources, client_name'. Did not match: validationParameters.ValidAudience: 'api_name' or validationParameters.ValidAudiences: 'null'.
2018-03-24 22:52:31.2338|7|Microsoft.AspNetCore.Authentication.JwtBearer.JwtBearerHandler|INFO|BearerIdentityServerAuthenticationJwt was not authenticated. Failure message: IDX10214: Audience validation failed. Audiences: 'http://localhost:5000/resources, client_name'. Did not match: validationParameters.ValidAudience: 'api_name' or validationParameters.ValidAudiences: 'null'. 
2018-03-24 22:52:31.3138|7|IdentityServer4.AccessTokenValidation.IdentityServerAuthenticationHandler|INFO|Bearer was not authenticated. Failure message: IDX10214: Audience validation failed. Audiences: 'http://localhost:5000/resources, client_name'. Did not match: validationParameters.ValidAudience: 'api_name' or validationParameters.ValidAudiences: 'null'. 
2018-03-24 22:52:31.3765|2|Microsoft.AspNetCore.Authorization.DefaultAuthorizationService|INFO|Authorization failed for user: (null). 
2018-03-24 22:52:31.4151|3|Microsoft.AspNetCore.Mvc.Internal.ControllerActionInvoker|INFO|Authorization failed for the request at filter 'Microsoft.AspNetCore.Mvc.Authorization.AuthorizeFilter'. 
2018-03-24 22:52:31.6796|1|Microsoft.AspNetCore.Mvc.ChallengeResult|INFO|Executing ChallengeResult with authentication schemes (). 
2018-03-24 22:52:32.0042|12|Microsoft.AspNetCore.Authentication.JwtBearer.JwtBearerHandler|INFO|AuthenticationScheme: BearerIdentityServerAuthenticationJwt was challenged. 
2018-03-24 22:52:32.1220|12|IdentityServer4.AccessTokenValidation.IdentityServerAuthenticationHandler|INFO|AuthenticationScheme: Bearer was challenged. 
2018-03-24 22:52:32.1832|2|Microsoft.AspNetCore.Mvc.Internal.ControllerActionInvoker|INFO|Executed action KiraNet.Camellia.ApiService.Controllers.TestController.GetUser (KiraNet.Camellia.ApiService) in 794.5996ms 
2018-03-24 22:52:32.3366|2|Microsoft.AspNetCore.Hosting.Internal.WebHost|INFO|Request finished in 1277.7276ms 401  
2018-03-24 22:52:32.7495|1|Microsoft.AspNetCore.Hosting.Internal.WebHost|INFO|Request starting HTTP/1.1 GET http://localhost:5100/api/test/getuser   
2018-03-24 22:52:32.7800|1|Microsoft.AspNetCore.Hosting.Internal.WebHost|INFO|Request starting HTTP/1.1 GET http://localhost:5100/api/test/getuser   
2018-03-24 22:52:32.8032|1|Microsoft.AspNetCore.Hosting.Internal.WebHost|INFO|Request starting HTTP/1.1 GET http://localhost:5100/api/test/getuser   
2018-03-24 22:52:32.8432|1|Microsoft.AspNetCore.Authentication.JwtBearer.JwtBearerHandler|INFO|Failed to validate the token eyJhbGciOiJSUzI1NiIsImtpZCI6IkRBMDQ5NEZGN0ZDRjA1MUE4ODlCQkVDQjU0MTQzOEY0QjZGREU3QzQiLCJ0eXAiOiJKV1QiLCJ4NXQiOiIyZ1NVXzNfUEJScUltNzdMVkJRNDlMYjk1OFEifQ.eyJuYmYiOjE1MjE5MDIyMTEsImV4cCI6MTUyMTkwMzExMSwiaXNzIjoiaHR0cDovL2xvY2FsaG9zdDo1MDAwIiwiYXVkIjpbImh0dHA6Ly9sb2NhbGhvc3Q6NTAwMC9yZXNvdXJjZXMiLCJjbGllbnRfbmFtZSJdLCJjbGllbnRfaWQiOiJjbGllbnRfaWQiLCJzdWIiOiI0YjBiZjAxYy02ZmFlLTRlY2MtOTIwMi1mZWFkYTc3YWQzODgiLCJhdXRoX3RpbWUiOjE1MjE4ODczMzksImlkcCI6ImxvY2FsIiwicHJlZmVycmVkX3VzZXJuYW1lIjoiYWRtaW4iLCJuYW1lIjoiYWRtaW4iLCJzY29wZSI6WyJvcGVuaWQiLCJwcm9maWxlIiwiY2xpZW50X25hbWUiXSwiYW1yIjpbInB3ZCJdfQ.zXbSSKOAiKp_3_cZAjXS4Ex3xZ6S0aZoyWOxvt6hath5MovQCCGPa5Y7IX9sv8wc1Mi3IYbcyalc2Zz_D4-PQ2vOVpN8dNDGf4PmipDmL7jpx36aTHN-e8KzfgliINzu1BEUEX-zEpXibO-Iv504b7q7_VKGX10QNouCh5ZU-_Y7rG0P37QjvkYi4dRfV2S4j3z5qqY6Iw2F5j_RKv0zPQBb9qEyn_Op-FJaDQaAxS4Yjxp9b9E-e0zBrA06etoit642F4AEEEVnfcxMvu5eZSVb6SQn43xhHkUQqx-a8AbsiLdPs0-0arbXKfBU6sgrpZAoiaK8PfFXwkvKhF97bw. IDX10214: Audience validation failed. Audiences: 'http://localhost:5000/resources, client_name'. Did not match: validationParameters.ValidAudience: 'api_name' or validationParameters.ValidAudiences: 'null'.
2018-03-24 22:52:32.8683|7|Microsoft.AspNetCore.Authentication.JwtBearer.JwtBearerHandler|INFO|BearerIdentityServerAuthenticationJwt was not authenticated. Failure message: IDX10214: Audience validation failed. Audiences: 'http://localhost:5000/resources, client_name'. Did not match: validationParameters.ValidAudience: 'api_name' or validationParameters.ValidAudiences: 'null'. 
2018-03-24 22:52:32.8890|7|IdentityServer4.AccessTokenValidation.IdentityServerAuthenticationHandler|INFO|Bearer was not authenticated. Failure message: IDX10214: Audience validation failed. Audiences: 'http://localhost:5000/resources, client_name'. Did not match: validationParameters.ValidAudience: 'api_name' or validationParameters.ValidAudiences: 'null'. 
2018-03-24 22:52:33.0168|1|Microsoft.AspNetCore.Authentication.JwtBearer.JwtBearerHandler|INFO|Failed to validate the token eyJhbGciOiJSUzI1NiIsImtpZCI6IkRBMDQ5NEZGN0ZDRjA1MUE4ODlCQkVDQjU0MTQzOEY0QjZGREU3QzQiLCJ0eXAiOiJKV1QiLCJ4NXQiOiIyZ1NVXzNfUEJScUltNzdMVkJRNDlMYjk1OFEifQ.eyJuYmYiOjE1MjE5MDIyMTEsImV4cCI6MTUyMTkwMzExMSwiaXNzIjoiaHR0cDovL2xvY2FsaG9zdDo1MDAwIiwiYXVkIjpbImh0dHA6Ly9sb2NhbGhvc3Q6NTAwMC9yZXNvdXJjZXMiLCJjbGllbnRfbmFtZSJdLCJjbGllbnRfaWQiOiJjbGllbnRfaWQiLCJzdWIiOiI0YjBiZjAxYy02ZmFlLTRlY2MtOTIwMi1mZWFkYTc3YWQzODgiLCJhdXRoX3RpbWUiOjE1MjE4ODczMzksImlkcCI6ImxvY2FsIiwicHJlZmVycmVkX3VzZXJuYW1lIjoiYWRtaW4iLCJuYW1lIjoiYWRtaW4iLCJzY29wZSI6WyJvcGVuaWQiLCJwcm9maWxlIiwiY2xpZW50X25hbWUiXSwiYW1yIjpbInB3ZCJdfQ.zXbSSKOAiKp_3_cZAjXS4Ex3xZ6S0aZoyWOxvt6hath5MovQCCGPa5Y7IX9sv8wc1Mi3IYbcyalc2Zz_D4-PQ2vOVpN8dNDGf4PmipDmL7jpx36aTHN-e8KzfgliINzu1BEUEX-zEpXibO-Iv504b7q7_VKGX10QNouCh5ZU-_Y7rG0P37QjvkYi4dRfV2S4j3z5qqY6Iw2F5j_RKv0zPQBb9qEyn_Op-FJaDQaAxS4Yjxp9b9E-e0zBrA06etoit642F4AEEEVnfcxMvu5eZSVb6SQn43xhHkUQqx-a8AbsiLdPs0-0arbXKfBU6sgrpZAoiaK8PfFXwkvKhF97bw. IDX10214: Audience validation failed. Audiences: 'http://localhost:5000/resources, client_name'. Did not match: validationParameters.ValidAudience: 'api_name' or validationParameters.ValidAudiences: 'null'.
2018-03-24 22:52:33.0168|2|Microsoft.AspNetCore.Authorization.DefaultAuthorizationService|INFO|Authorization failed for user: (null). 
2018-03-24 22:52:33.0537|7|Microsoft.AspNetCore.Authentication.JwtBearer.JwtBearerHandler|INFO|BearerIdentityServerAuthenticationJwt was not authenticated. Failure message: IDX10214: Audience validation failed. Audiences: 'http://localhost:5000/resources, client_name'. Did not match: validationParameters.ValidAudience: 'api_name' or validationParameters.ValidAudiences: 'null'. 
2018-03-24 22:52:33.0710|3|Microsoft.AspNetCore.Mvc.Internal.ControllerActionInvoker|INFO|Authorization failed for the request at filter 'Microsoft.AspNetCore.Mvc.Authorization.AuthorizeFilter'. 
2018-03-24 22:52:33.1092|1|Microsoft.AspNetCore.Mvc.ChallengeResult|INFO|Executing ChallengeResult with authentication schemes (). 
2018-03-24 22:52:33.1335|7|IdentityServer4.AccessTokenValidation.IdentityServerAuthenticationHandler|INFO|Bearer was not authenticated. Failure message: IDX10214: Audience validation failed. Audiences: 'http://localhost:5000/resources, client_name'. Did not match: validationParameters.ValidAudience: 'api_name' or validationParameters.ValidAudiences: 'null'. 
2018-03-24 22:52:33.2887|1|Microsoft.AspNetCore.Authentication.JwtBearer.JwtBearerHandler|INFO|Failed to validate the token eyJhbGciOiJSUzI1NiIsImtpZCI6IkRBMDQ5NEZGN0ZDRjA1MUE4ODlCQkVDQjU0MTQzOEY0QjZGREU3QzQiLCJ0eXAiOiJKV1QiLCJ4NXQiOiIyZ1NVXzNfUEJScUltNzdMVkJRNDlMYjk1OFEifQ.eyJuYmYiOjE1MjE5MDIyMTEsImV4cCI6MTUyMTkwMzExMSwiaXNzIjoiaHR0cDovL2xvY2FsaG9zdDo1MDAwIiwiYXVkIjpbImh0dHA6Ly9sb2NhbGhvc3Q6NTAwMC9yZXNvdXJjZXMiLCJjbGllbnRfbmFtZSJdLCJjbGllbnRfaWQiOiJjbGllbnRfaWQiLCJzdWIiOiI0YjBiZjAxYy02ZmFlLTRlY2MtOTIwMi1mZWFkYTc3YWQzODgiLCJhdXRoX3RpbWUiOjE1MjE4ODczMzksImlkcCI6ImxvY2FsIiwicHJlZmVycmVkX3VzZXJuYW1lIjoiYWRtaW4iLCJuYW1lIjoiYWRtaW4iLCJzY29wZSI6WyJvcGVuaWQiLCJwcm9maWxlIiwiY2xpZW50X25hbWUiXSwiYW1yIjpbInB3ZCJdfQ.zXbSSKOAiKp_3_cZAjXS4Ex3xZ6S0aZoyWOxvt6hath5MovQCCGPa5Y7IX9sv8wc1Mi3IYbcyalc2Zz_D4-PQ2vOVpN8dNDGf4PmipDmL7jpx36aTHN-e8KzfgliINzu1BEUEX-zEpXibO-Iv504b7q7_VKGX10QNouCh5ZU-_Y7rG0P37QjvkYi4dRfV2S4j3z5qqY6Iw2F5j_RKv0zPQBb9qEyn_Op-FJaDQaAxS4Yjxp9b9E-e0zBrA06etoit642F4AEEEVnfcxMvu5eZSVb6SQn43xhHkUQqx-a8AbsiLdPs0-0arbXKfBU6sgrpZAoiaK8PfFXwkvKhF97bw. IDX10214: Audience validation failed. Audiences: 'http://localhost:5000/resources, client_name'. Did not match: validationParameters.ValidAudience: 'api_name' or validationParameters.ValidAudiences: 'null'.
2018-03-24 22:52:33.3030|12|Microsoft.AspNetCore.Authentication.JwtBearer.JwtBearerHandler|INFO|AuthenticationScheme: BearerIdentityServerAuthenticationJwt was challenged. 
2018-03-24 22:52:33.3374|12|IdentityServer4.AccessTokenValidation.IdentityServerAuthenticationHandler|INFO|AuthenticationScheme: Bearer was challenged. 
2018-03-24 22:52:33.3630|2|Microsoft.AspNetCore.Authorization.DefaultAuthorizationService|INFO|Authorization failed for user: (null). 
2018-03-24 22:52:33.3878|7|Microsoft.AspNetCore.Authentication.JwtBearer.JwtBearerHandler|INFO|BearerIdentityServerAuthenticationJwt was not authenticated. Failure message: IDX10214: Audience validation failed. Audiences: 'http://localhost:5000/resources, client_name'. Did not match: validationParameters.ValidAudience: 'api_name' or validationParameters.ValidAudiences: 'null'. 
2018-03-24 22:52:33.4051|2|Microsoft.AspNetCore.Mvc.Internal.ControllerActionInvoker|INFO|Executed action KiraNet.Camellia.ApiService.Controllers.TestController.GetUser (KiraNet.Camellia.ApiService) in 454.3136ms 
2018-03-24 22:52:33.5336|2|Microsoft.AspNetCore.Hosting.Internal.WebHost|INFO|Request finished in 847.6791ms 401  
2018-03-24 22:52:33.5460|3|Microsoft.AspNetCore.Mvc.Internal.ControllerActionInvoker|INFO|Authorization failed for the request at filter 'Microsoft.AspNetCore.Mvc.Authorization.AuthorizeFilter'. 
2018-03-24 22:52:33.5865|7|IdentityServer4.AccessTokenValidation.IdentityServerAuthenticationHandler|INFO|Bearer was not authenticated. Failure message: IDX10214: Audience validation failed. Audiences: 'http://localhost:5000/resources, client_name'. Did not match: validationParameters.ValidAudience: 'api_name' or validationParameters.ValidAudiences: 'null'. 
2018-03-24 22:52:33.5964|1|Microsoft.AspNetCore.Mvc.ChallengeResult|INFO|Executing ChallengeResult with authentication schemes (). 
2018-03-24 22:52:33.6419|2|Microsoft.AspNetCore.Authorization.DefaultAuthorizationService|INFO|Authorization failed for user: (null). 
2018-03-24 22:52:33.6419|12|Microsoft.AspNetCore.Authentication.JwtBearer.JwtBearerHandler|INFO|AuthenticationScheme: BearerIdentityServerAuthenticationJwt was challenged. 
2018-03-24 22:52:33.6813|3|Microsoft.AspNetCore.Mvc.Internal.ControllerActionInvoker|INFO|Authorization failed for the request at filter 'Microsoft.AspNetCore.Mvc.Authorization.AuthorizeFilter'. 
2018-03-24 22:52:33.7043|12|IdentityServer4.AccessTokenValidation.IdentityServerAuthenticationHandler|INFO|AuthenticationScheme: Bearer was challenged. 
2018-03-24 22:52:33.7404|1|Microsoft.AspNetCore.Mvc.ChallengeResult|INFO|Executing ChallengeResult with authentication schemes (). 
2018-03-24 22:52:33.7611|2|Microsoft.AspNetCore.Mvc.Internal.ControllerActionInvoker|INFO|Executed action KiraNet.Camellia.ApiService.Controllers.TestController.GetUser (KiraNet.Camellia.ApiService) in 550.1795ms 
2018-03-24 22:52:33.7799|12|Microsoft.AspNetCore.Authentication.JwtBearer.JwtBearerHandler|INFO|AuthenticationScheme: BearerIdentityServerAuthenticationJwt was challenged. 
2018-03-24 22:52:33.8515|12|IdentityServer4.AccessTokenValidation.IdentityServerAuthenticationHandler|INFO|AuthenticationScheme: Bearer was challenged. 
2018-03-24 22:52:33.8813|2|Microsoft.AspNetCore.Hosting.Internal.WebHost|INFO|Request finished in 1151.7083ms 401  
2018-03-24 22:52:33.9072|2|Microsoft.AspNetCore.Mvc.Internal.ControllerActionInvoker|INFO|Executed action KiraNet.Camellia.ApiService.Controllers.TestController.GetUser (KiraNet.Camellia.ApiService) in 267.5224ms 
2018-03-24 22:52:34.1173|2|Microsoft.AspNetCore.Hosting.Internal.WebHost|INFO|Request finished in 1287.0642ms 401  
2018-03-24 22:52:49.8217|1|Microsoft.AspNetCore.Hosting.Internal.WebHost|INFO|Request starting HTTP/1.1 GET http://localhost:5100/api/test/getuser   
2018-03-24 22:52:49.8944|1|Microsoft.AspNetCore.Authentication.JwtBearer.JwtBearerHandler|INFO|Failed to validate the token eyJhbGciOiJSUzI1NiIsImtpZCI6IkRBMDQ5NEZGN0ZDRjA1MUE4ODlCQkVDQjU0MTQzOEY0QjZGREU3QzQiLCJ0eXAiOiJKV1QiLCJ4NXQiOiIyZ1NVXzNfUEJScUltNzdMVkJRNDlMYjk1OFEifQ.eyJuYmYiOjE1MjE5MDIyMTEsImV4cCI6MTUyMTkwMzExMSwiaXNzIjoiaHR0cDovL2xvY2FsaG9zdDo1MDAwIiwiYXVkIjpbImh0dHA6Ly9sb2NhbGhvc3Q6NTAwMC9yZXNvdXJjZXMiLCJjbGllbnRfbmFtZSJdLCJjbGllbnRfaWQiOiJjbGllbnRfaWQiLCJzdWIiOiI0YjBiZjAxYy02ZmFlLTRlY2MtOTIwMi1mZWFkYTc3YWQzODgiLCJhdXRoX3RpbWUiOjE1MjE4ODczMzksImlkcCI6ImxvY2FsIiwicHJlZmVycmVkX3VzZXJuYW1lIjoiYWRtaW4iLCJuYW1lIjoiYWRtaW4iLCJzY29wZSI6WyJvcGVuaWQiLCJwcm9maWxlIiwiY2xpZW50X25hbWUiXSwiYW1yIjpbInB3ZCJdfQ.zXbSSKOAiKp_3_cZAjXS4Ex3xZ6S0aZoyWOxvt6hath5MovQCCGPa5Y7IX9sv8wc1Mi3IYbcyalc2Zz_D4-PQ2vOVpN8dNDGf4PmipDmL7jpx36aTHN-e8KzfgliINzu1BEUEX-zEpXibO-Iv504b7q7_VKGX10QNouCh5ZU-_Y7rG0P37QjvkYi4dRfV2S4j3z5qqY6Iw2F5j_RKv0zPQBb9qEyn_Op-FJaDQaAxS4Yjxp9b9E-e0zBrA06etoit642F4AEEEVnfcxMvu5eZSVb6SQn43xhHkUQqx-a8AbsiLdPs0-0arbXKfBU6sgrpZAoiaK8PfFXwkvKhF97bw. IDX10214: Audience validation failed. Audiences: 'http://localhost:5000/resources, client_name'. Did not match: validationParameters.ValidAudience: 'api_name' or validationParameters.ValidAudiences: 'null'.
2018-03-24 22:52:49.9296|7|Microsoft.AspNetCore.Authentication.JwtBearer.JwtBearerHandler|INFO|BearerIdentityServerAuthenticationJwt was not authenticated. Failure message: IDX10214: Audience validation failed. Audiences: 'http://localhost:5000/resources, client_name'. Did not match: validationParameters.ValidAudience: 'api_name' or validationParameters.ValidAudiences: 'null'. 
2018-03-24 22:52:49.9498|7|IdentityServer4.AccessTokenValidation.IdentityServerAuthenticationHandler|INFO|Bearer was not authenticated. Failure message: IDX10214: Audience validation failed. Audiences: 'http://localhost:5000/resources, client_name'. Did not match: validationParameters.ValidAudience: 'api_name' or validationParameters.ValidAudiences: 'null'. 
2018-03-24 22:52:49.9747|2|Microsoft.AspNetCore.Authorization.DefaultAuthorizationService|INFO|Authorization failed for user: (null). 
2018-03-24 22:52:49.9919|3|Microsoft.AspNetCore.Mvc.Internal.ControllerActionInvoker|INFO|Authorization failed for the request at filter 'Microsoft.AspNetCore.Mvc.Authorization.AuthorizeFilter'. 
2018-03-24 22:52:50.0135|1|Microsoft.AspNetCore.Mvc.ChallengeResult|INFO|Executing ChallengeResult with authentication schemes (). 
2018-03-24 22:52:50.0337|12|Microsoft.AspNetCore.Authentication.JwtBearer.JwtBearerHandler|INFO|AuthenticationScheme: BearerIdentityServerAuthenticationJwt was challenged. 
2018-03-24 22:52:50.0537|12|IdentityServer4.AccessTokenValidation.IdentityServerAuthenticationHandler|INFO|AuthenticationScheme: Bearer was challenged. 
2018-03-24 22:52:50.0732|2|Microsoft.AspNetCore.Mvc.Internal.ControllerActionInvoker|INFO|Executed action KiraNet.Camellia.ApiService.Controllers.TestController.GetUser (KiraNet.Camellia.ApiService) in 100.7967ms 
2018-03-24 22:52:50.0953|2|Microsoft.AspNetCore.Hosting.Internal.WebHost|INFO|Request finished in 270.9782ms 401  
2018-03-24 22:52:58.7303|1|Microsoft.AspNetCore.Hosting.Internal.WebHost|INFO|Request starting HTTP/1.1 GET http://localhost:5100/api/test/getuser   
2018-03-24 22:52:58.7948|1|Microsoft.AspNetCore.Authentication.JwtBearer.JwtBearerHandler|INFO|Failed to validate the token eyJhbGciOiJSUzI1NiIsImtpZCI6IkRBMDQ5NEZGN0ZDRjA1MUE4ODlCQkVDQjU0MTQzOEY0QjZGREU3QzQiLCJ0eXAiOiJKV1QiLCJ4NXQiOiIyZ1NVXzNfUEJScUltNzdMVkJRNDlMYjk1OFEifQ.eyJuYmYiOjE1MjE5MDIyMTEsImV4cCI6MTUyMTkwMzExMSwiaXNzIjoiaHR0cDovL2xvY2FsaG9zdDo1MDAwIiwiYXVkIjpbImh0dHA6Ly9sb2NhbGhvc3Q6NTAwMC9yZXNvdXJjZXMiLCJjbGllbnRfbmFtZSJdLCJjbGllbnRfaWQiOiJjbGllbnRfaWQiLCJzdWIiOiI0YjBiZjAxYy02ZmFlLTRlY2MtOTIwMi1mZWFkYTc3YWQzODgiLCJhdXRoX3RpbWUiOjE1MjE4ODczMzksImlkcCI6ImxvY2FsIiwicHJlZmVycmVkX3VzZXJuYW1lIjoiYWRtaW4iLCJuYW1lIjoiYWRtaW4iLCJzY29wZSI6WyJvcGVuaWQiLCJwcm9maWxlIiwiY2xpZW50X25hbWUiXSwiYW1yIjpbInB3ZCJdfQ.zXbSSKOAiKp_3_cZAjXS4Ex3xZ6S0aZoyWOxvt6hath5MovQCCGPa5Y7IX9sv8wc1Mi3IYbcyalc2Zz_D4-PQ2vOVpN8dNDGf4PmipDmL7jpx36aTHN-e8KzfgliINzu1BEUEX-zEpXibO-Iv504b7q7_VKGX10QNouCh5ZU-_Y7rG0P37QjvkYi4dRfV2S4j3z5qqY6Iw2F5j_RKv0zPQBb9qEyn_Op-FJaDQaAxS4Yjxp9b9E-e0zBrA06etoit642F4AEEEVnfcxMvu5eZSVb6SQn43xhHkUQqx-a8AbsiLdPs0-0arbXKfBU6sgrpZAoiaK8PfFXwkvKhF97bw. IDX10214: Audience validation failed. Audiences: 'http://localhost:5000/resources, client_name'. Did not match: validationParameters.ValidAudience: 'api_name' or validationParameters.ValidAudiences: 'null'.
2018-03-24 22:52:58.8088|7|Microsoft.AspNetCore.Authentication.JwtBearer.JwtBearerHandler|INFO|BearerIdentityServerAuthenticationJwt was not authenticated. Failure message: IDX10214: Audience validation failed. Audiences: 'http://localhost:5000/resources, client_name'. Did not match: validationParameters.ValidAudience: 'api_name' or validationParameters.ValidAudiences: 'null'. 
2018-03-24 22:52:58.8252|7|IdentityServer4.AccessTokenValidation.IdentityServerAuthenticationHandler|INFO|Bearer was not authenticated. Failure message: IDX10214: Audience validation failed. Audiences: 'http://localhost:5000/resources, client_name'. Did not match: validationParameters.ValidAudience: 'api_name' or validationParameters.ValidAudiences: 'null'. 
2018-03-24 22:52:58.8398|2|Microsoft.AspNetCore.Authorization.DefaultAuthorizationService|INFO|Authorization failed for user: (null). 
2018-03-24 22:52:58.8537|3|Microsoft.AspNetCore.Mvc.Internal.ControllerActionInvoker|INFO|Authorization failed for the request at filter 'Microsoft.AspNetCore.Mvc.Authorization.AuthorizeFilter'. 
2018-03-24 22:52:58.8537|1|Microsoft.AspNetCore.Mvc.ChallengeResult|INFO|Executing ChallengeResult with authentication schemes (). 
2018-03-24 22:52:58.8844|12|Microsoft.AspNetCore.Authentication.JwtBearer.JwtBearerHandler|INFO|AuthenticationScheme: BearerIdentityServerAuthenticationJwt was challenged. 
2018-03-24 22:52:58.8844|12|IdentityServer4.AccessTokenValidation.IdentityServerAuthenticationHandler|INFO|AuthenticationScheme: Bearer was challenged. 
2018-03-24 22:52:58.9189|2|Microsoft.AspNetCore.Mvc.Internal.ControllerActionInvoker|INFO|Executed action KiraNet.Camellia.ApiService.Controllers.TestController.GetUser (KiraNet.Camellia.ApiService) in 75.8978ms 
2018-03-24 22:52:59.0029|2|Microsoft.AspNetCore.Hosting.Internal.WebHost|INFO|Request finished in 205.536ms 401  
2018-03-24 22:53:01.2507|1|Microsoft.AspNetCore.Hosting.Internal.WebHost|INFO|Request starting HTTP/1.1 GET http://localhost:5100/api/test/getuser   
2018-03-24 22:53:01.3141|1|Microsoft.AspNetCore.Authentication.JwtBearer.JwtBearerHandler|INFO|Failed to validate the token eyJhbGciOiJSUzI1NiIsImtpZCI6IkRBMDQ5NEZGN0ZDRjA1MUE4ODlCQkVDQjU0MTQzOEY0QjZGREU3QzQiLCJ0eXAiOiJKV1QiLCJ4NXQiOiIyZ1NVXzNfUEJScUltNzdMVkJRNDlMYjk1OFEifQ.eyJuYmYiOjE1MjE5MDIyMTEsImV4cCI6MTUyMTkwMzExMSwiaXNzIjoiaHR0cDovL2xvY2FsaG9zdDo1MDAwIiwiYXVkIjpbImh0dHA6Ly9sb2NhbGhvc3Q6NTAwMC9yZXNvdXJjZXMiLCJjbGllbnRfbmFtZSJdLCJjbGllbnRfaWQiOiJjbGllbnRfaWQiLCJzdWIiOiI0YjBiZjAxYy02ZmFlLTRlY2MtOTIwMi1mZWFkYTc3YWQzODgiLCJhdXRoX3RpbWUiOjE1MjE4ODczMzksImlkcCI6ImxvY2FsIiwicHJlZmVycmVkX3VzZXJuYW1lIjoiYWRtaW4iLCJuYW1lIjoiYWRtaW4iLCJzY29wZSI6WyJvcGVuaWQiLCJwcm9maWxlIiwiY2xpZW50X25hbWUiXSwiYW1yIjpbInB3ZCJdfQ.zXbSSKOAiKp_3_cZAjXS4Ex3xZ6S0aZoyWOxvt6hath5MovQCCGPa5Y7IX9sv8wc1Mi3IYbcyalc2Zz_D4-PQ2vOVpN8dNDGf4PmipDmL7jpx36aTHN-e8KzfgliINzu1BEUEX-zEpXibO-Iv504b7q7_VKGX10QNouCh5ZU-_Y7rG0P37QjvkYi4dRfV2S4j3z5qqY6Iw2F5j_RKv0zPQBb9qEyn_Op-FJaDQaAxS4Yjxp9b9E-e0zBrA06etoit642F4AEEEVnfcxMvu5eZSVb6SQn43xhHkUQqx-a8AbsiLdPs0-0arbXKfBU6sgrpZAoiaK8PfFXwkvKhF97bw. IDX10214: Audience validation failed. Audiences: 'http://localhost:5000/resources, client_name'. Did not match: validationParameters.ValidAudience: 'api_name' or validationParameters.ValidAudiences: 'null'.
2018-03-24 22:53:01.3285|7|Microsoft.AspNetCore.Authentication.JwtBearer.JwtBearerHandler|INFO|BearerIdentityServerAuthenticationJwt was not authenticated. Failure message: IDX10214: Audience validation failed. Audiences: 'http://localhost:5000/resources, client_name'. Did not match: validationParameters.ValidAudience: 'api_name' or validationParameters.ValidAudiences: 'null'. 
2018-03-24 22:53:01.3567|7|IdentityServer4.AccessTokenValidation.IdentityServerAuthenticationHandler|INFO|Bearer was not authenticated. Failure message: IDX10214: Audience validation failed. Audiences: 'http://localhost:5000/resources, client_name'. Did not match: validationParameters.ValidAudience: 'api_name' or validationParameters.ValidAudiences: 'null'. 
2018-03-24 22:53:01.3754|2|Microsoft.AspNetCore.Authorization.DefaultAuthorizationService|INFO|Authorization failed for user: (null). 
2018-03-24 22:53:01.3931|3|Microsoft.AspNetCore.Mvc.Internal.ControllerActionInvoker|INFO|Authorization failed for the request at filter 'Microsoft.AspNetCore.Mvc.Authorization.AuthorizeFilter'. 
2018-03-24 22:53:01.4100|1|Microsoft.AspNetCore.Mvc.ChallengeResult|INFO|Executing ChallengeResult with authentication schemes (). 
2018-03-24 22:53:01.4268|12|Microsoft.AspNetCore.Authentication.JwtBearer.JwtBearerHandler|INFO|AuthenticationScheme: BearerIdentityServerAuthenticationJwt was challenged. 
2018-03-24 22:53:01.4434|12|IdentityServer4.AccessTokenValidation.IdentityServerAuthenticationHandler|INFO|AuthenticationScheme: Bearer was challenged. 
2018-03-24 22:53:01.4696|2|Microsoft.AspNetCore.Mvc.Internal.ControllerActionInvoker|INFO|Executed action KiraNet.Camellia.ApiService.Controllers.TestController.GetUser (KiraNet.Camellia.ApiService) in 91.3817ms 
2018-03-24 22:53:01.5319|2|Microsoft.AspNetCore.Hosting.Internal.WebHost|INFO|Request finished in 254.1252ms 401  
2018-03-24 23:00:29.1449|22|Microsoft.AspNetCore.Server.Kestrel|WARN|Heartbeat took longer than "00:00:01" at "03/24/2018 15:00:28 +00:00". 
2018-03-24 23:00:29.5203|1|Microsoft.AspNetCore.Hosting.Internal.WebHost|INFO|Request starting HTTP/1.1 GET http://localhost:5100/swagger/   
2018-03-24 23:00:29.9184|2|Microsoft.AspNetCore.Hosting.Internal.WebHost|INFO|Request finished in 577.025ms 200 text/html 
2018-03-24 23:00:31.5075|1|Microsoft.AspNetCore.Hosting.Internal.WebHost|INFO|Request starting HTTP/1.1 GET http://localhost:5100/swagger/v1/swagger.json   
2018-03-24 23:00:32.7724|2|Microsoft.AspNetCore.Hosting.Internal.WebHost|INFO|Request finished in 872.7353ms 200 application/json 
2018-03-24 23:03:22.9686|1|Microsoft.AspNetCore.Hosting.Internal.WebHost|INFO|Request starting HTTP/1.1 GET http://localhost:5100/api/api/test/getuser   
2018-03-24 23:03:25.4589|1|Microsoft.AspNetCore.Authentication.JwtBearer.JwtBearerHandler|INFO|Failed to validate the token eyJhbGciOiJSUzI1NiIsImtpZCI6IkRBMDQ5NEZGN0ZDRjA1MUE4ODlCQkVDQjU0MTQzOEY0QjZGREU3QzQiLCJ0eXAiOiJKV1QiLCJ4NXQiOiIyZ1NVXzNfUEJScUltNzdMVkJRNDlMYjk1OFEifQ.eyJuYmYiOjE1MjE5MDIyMTEsImV4cCI6MTUyMTkwMzExMSwiaXNzIjoiaHR0cDovL2xvY2FsaG9zdDo1MDAwIiwiYXVkIjpbImh0dHA6Ly9sb2NhbGhvc3Q6NTAwMC9yZXNvdXJjZXMiLCJjbGllbnRfbmFtZSJdLCJjbGllbnRfaWQiOiJjbGllbnRfaWQiLCJzdWIiOiI0YjBiZjAxYy02ZmFlLTRlY2MtOTIwMi1mZWFkYTc3YWQzODgiLCJhdXRoX3RpbWUiOjE1MjE4ODczMzksImlkcCI6ImxvY2FsIiwicHJlZmVycmVkX3VzZXJuYW1lIjoiYWRtaW4iLCJuYW1lIjoiYWRtaW4iLCJzY29wZSI6WyJvcGVuaWQiLCJwcm9maWxlIiwiY2xpZW50X25hbWUiXSwiYW1yIjpbInB3ZCJdfQ.zXbSSKOAiKp_3_cZAjXS4Ex3xZ6S0aZoyWOxvt6hath5MovQCCGPa5Y7IX9sv8wc1Mi3IYbcyalc2Zz_D4-PQ2vOVpN8dNDGf4PmipDmL7jpx36aTHN-e8KzfgliINzu1BEUEX-zEpXibO-Iv504b7q7_VKGX10QNouCh5ZU-_Y7rG0P37QjvkYi4dRfV2S4j3z5qqY6Iw2F5j_RKv0zPQBb9qEyn_Op-FJaDQaAxS4Yjxp9b9E-e0zBrA06etoit642F4AEEEVnfcxMvu5eZSVb6SQn43xhHkUQqx-a8AbsiLdPs0-0arbXKfBU6sgrpZAoiaK8PfFXwkvKhF97bw. IDX10223: Lifetime validation failed. The token is expired.
ValidTo: '03/24/2018 14:51:51'
Current time: '03/24/2018 15:03:25'.
2018-03-24 23:03:25.5048|7|Microsoft.AspNetCore.Authentication.JwtBearer.JwtBearerHandler|INFO|BearerIdentityServerAuthenticationJwt was not authenticated. Failure message: IDX10223: Lifetime validation failed. The token is expired.
ValidTo: '03/24/2018 14:51:51'
Current time: '03/24/2018 15:03:25'. 
2018-03-24 23:03:25.5271|7|IdentityServer4.AccessTokenValidation.IdentityServerAuthenticationHandler|INFO|Bearer was not authenticated. Failure message: IDX10223: Lifetime validation failed. The token is expired.
ValidTo: '03/24/2018 14:51:51'
Current time: '03/24/2018 15:03:25'. 
2018-03-24 23:03:25.7886|2|Microsoft.AspNetCore.Hosting.Internal.WebHost|INFO|Request finished in 2707.7715ms 404  
