2018-03-22 21:33:22.5692|1|Microsoft.AspNetCore.Hosting.Internal.WebHost|INFO|Request starting HTTP/1.1 GET http://localhost:5100/   
2018-03-22 21:33:24.7324|2|Microsoft.AspNetCore.Hosting.Internal.WebHost|INFO|Request finished in 2855.4473ms 404  
2018-03-22 21:33:49.6152|1|Microsoft.AspNetCore.Hosting.Internal.WebHost|INFO|Request starting HTTP/1.1 GET http://localhost:5100/swagger   
2018-03-22 21:33:49.6622|2|Microsoft.AspNetCore.Hosting.Internal.WebHost|INFO|Request finished in 85.7335ms 301  
2018-03-22 21:33:49.7362|1|Microsoft.AspNetCore.Hosting.Internal.WebHost|INFO|Request starting HTTP/1.1 GET http://localhost:5100/swagger/   
2018-03-22 21:33:50.1804|1|Microsoft.AspNetCore.Hosting.Internal.WebHost|INFO|Request starting HTTP/1.1 GET http://localhost:5100/swagger/swagger-ui-bundle.js   
2018-03-22 21:33:50.2270|2|Microsoft.AspNetCore.Hosting.Internal.WebHost|INFO|Request finished in 110.8489ms 200 text/html 
2018-03-22 21:33:50.3376|1|Microsoft.AspNetCore.Hosting.Internal.WebHost|INFO|Request starting HTTP/1.1 GET http://localhost:5100/swagger/swagger-ui.css   
2018-03-22 21:33:50.3376|1|Microsoft.AspNetCore.Hosting.Internal.WebHost|INFO|Request starting HTTP/1.1 GET http://localhost:5100/swagger/swagger-ui-standalone-preset.js   
2018-03-22 21:33:50.4200|2|Microsoft.AspNetCore.StaticFiles.StaticFileMiddleware|INFO|Sending file. Request path: '/swagger-ui-bundle.js'. Physical path: 'N/A' 
2018-03-22 21:33:50.4572|2|Microsoft.AspNetCore.StaticFiles.StaticFileMiddleware|INFO|Sending file. Request path: '/swagger-ui-standalone-preset.js'. Physical path: 'N/A' 
2018-03-22 21:33:50.6606|2|Microsoft.AspNetCore.StaticFiles.StaticFileMiddleware|INFO|Sending file. Request path: '/swagger-ui.css'. Physical path: 'N/A' 
2018-03-22 21:33:51.4118|2|Microsoft.AspNetCore.Hosting.Internal.WebHost|INFO|Request finished in 1064.014ms 200 text/css 
2018-03-22 21:33:51.4411|2|Microsoft.AspNetCore.Hosting.Internal.WebHost|INFO|Request finished in 1128.9912ms 200 application/javascript 
2018-03-22 21:33:51.5560|2|Microsoft.AspNetCore.Hosting.Internal.WebHost|INFO|Request finished in 1562.6613ms 200 application/javascript 
2018-03-22 21:33:53.0724|1|Microsoft.AspNetCore.Hosting.Internal.WebHost|INFO|Request starting HTTP/1.1 GET http://localhost:5100/swagger/v1/swagger.json   
2018-03-22 21:33:53.3268|1|Microsoft.AspNetCore.Hosting.Internal.WebHost|INFO|Request starting HTTP/1.1 GET http://localhost:5100/swagger/favicon-32x32.png   
2018-03-22 21:33:53.3956|2|Microsoft.AspNetCore.StaticFiles.StaticFileMiddleware|INFO|Sending file. Request path: '/favicon-32x32.png'. Physical path: 'N/A' 
2018-03-22 21:33:53.4745|2|Microsoft.AspNetCore.Hosting.Internal.WebHost|INFO|Request finished in 152.7752ms 200 image/png 
2018-03-22 21:33:53.8738|1|Microsoft.AspNetCore.Hosting.Internal.WebHost|INFO|Request starting HTTP/1.1 GET http://localhost:5100/swagger/favicon-16x16.png   
2018-03-22 21:33:54.3725|2|Microsoft.AspNetCore.StaticFiles.StaticFileMiddleware|INFO|Sending file. Request path: '/favicon-16x16.png'. Physical path: 'N/A' 
2018-03-22 21:33:54.5622|2|Microsoft.AspNetCore.Hosting.Internal.WebHost|INFO|Request finished in 1185.3739ms 200 application/json 
2018-03-22 21:33:54.6440|2|Microsoft.AspNetCore.Hosting.Internal.WebHost|INFO|Request finished in 822.6931ms 200 image/png 
2018-03-22 22:15:33.0108|1|Microsoft.AspNetCore.Hosting.Internal.WebHost|INFO|Request starting HTTP/1.1 GET http://localhost:5100/   
2018-03-22 22:15:34.9069|2|Microsoft.AspNetCore.Hosting.Internal.WebHost|INFO|Request finished in 1062.0469ms 404  
2018-03-22 22:15:40.7581|1|Microsoft.AspNetCore.Hosting.Internal.WebHost|INFO|Request starting HTTP/1.1 GET http://localhost:5100/swagger/   
2018-03-22 22:15:41.3094|2|Microsoft.AspNetCore.Hosting.Internal.WebHost|INFO|Request finished in 211.0691ms 200 text/html 
2018-03-22 22:15:43.8703|1|Microsoft.AspNetCore.Hosting.Internal.WebHost|INFO|Request starting HTTP/1.1 GET http://localhost:5100/swagger/v1/swagger.json   
2018-03-22 22:15:45.0410|2|Microsoft.AspNetCore.Hosting.Internal.WebHost|INFO|Request finished in 1617.7079ms 200 application/json 
2018-03-22 22:23:51.7773|22|Microsoft.AspNetCore.Server.Kestrel|WARN|Heartbeat took longer than "00:00:01" at "03/22/2018 14:23:50 +00:00". 
2018-03-22 22:23:53.6194|1|Microsoft.AspNetCore.Hosting.Internal.WebHost|INFO|Request starting HTTP/1.1 GET http://localhost:5100/   
2018-03-22 22:23:55.3707|2|Microsoft.AspNetCore.Hosting.Internal.WebHost|INFO|Request finished in 1383.4352ms 404  
2018-03-22 23:05:52.6269|1|Microsoft.AspNetCore.Hosting.Internal.WebHost|INFO|Request starting HTTP/1.1 GET http://localhost:5100/   
2018-03-22 23:05:54.6828|2|Microsoft.AspNetCore.Hosting.Internal.WebHost|INFO|Request finished in 1892.7165ms 404  
2018-03-22 23:06:24.5248|1|Microsoft.AspNetCore.Hosting.Internal.WebHost|INFO|Request starting HTTP/1.1 GET http://localhost:5100/   
2018-03-22 23:06:24.7958|2|Microsoft.AspNetCore.Hosting.Internal.WebHost|INFO|Request finished in 52.8106ms 404  
2018-03-22 23:06:25.0805|1|Microsoft.AspNetCore.Hosting.Internal.WebHost|INFO|Request starting HTTP/1.1 GET http://localhost:5100/   
2018-03-22 23:06:25.1561|2|Microsoft.AspNetCore.Hosting.Internal.WebHost|INFO|Request finished in 94.1154ms 404  
2018-03-22 23:06:27.0364|1|Microsoft.AspNetCore.Hosting.Internal.WebHost|INFO|Request starting HTTP/1.1 GET http://localhost:5100/   
2018-03-22 23:06:27.1105|2|Microsoft.AspNetCore.Hosting.Internal.WebHost|INFO|Request finished in 305.1794ms 404  
2018-03-22 23:06:44.2025|1|Microsoft.AspNetCore.Hosting.Internal.WebHost|INFO|Request starting HTTP/1.1 GET http://localhost:5100/swagger/   
2018-03-22 23:06:44.5018|2|Microsoft.AspNetCore.Hosting.Internal.WebHost|INFO|Request finished in 144.3867ms 200 text/html 
2018-03-22 23:06:46.2035|1|Microsoft.AspNetCore.Hosting.Internal.WebHost|INFO|Request starting HTTP/1.1 GET http://localhost:5100/swagger/v1/swagger.json   
2018-03-22 23:06:47.0352|0|Microsoft.AspNetCore.Diagnostics.ExceptionHandlerMiddleware|ERROR|An unhandled exception has occurred: Ambiguous HTTP method for action - KiraNet.Camellia.ApiService.Controllers.TestController.GetUser (KiraNet.Camellia.ApiService). Actions require an explicit HttpMethod binding for Swagger 2.0 Ambiguous HTTP method for action - KiraNet.Camellia.ApiService.Controllers.TestController.GetUser (KiraNet.Camellia.ApiService). Actions require an explicit HttpMethod binding for Swagger 2.0
2018-03-22 23:06:47.3876|2|Microsoft.AspNetCore.Hosting.Internal.WebHost|INFO|Request finished in 1186.9316ms 500 application/json 
2018-03-22 23:07:17.2269|1|Microsoft.AspNetCore.Hosting.Internal.WebHost|INFO|Request starting HTTP/1.1 GET http://localhost:5100/api/test/getuser   
2018-03-22 23:07:18.0821|2|Microsoft.AspNetCore.Authorization.DefaultAuthorizationService|INFO|Authorization failed for user: (null). 
2018-03-22 23:07:18.2597|3|Microsoft.AspNetCore.Mvc.Internal.ControllerActionInvoker|INFO|Authorization failed for the request at filter 'Microsoft.AspNetCore.Mvc.Authorization.AuthorizeFilter'. 
2018-03-22 23:07:18.3179|1|Microsoft.AspNetCore.Mvc.ChallengeResult|INFO|Executing ChallengeResult with authentication schemes (). 
2018-03-22 23:07:19.1044|12|Microsoft.AspNetCore.Authentication.JwtBearer.JwtBearerHandler|INFO|AuthenticationScheme: BearerIdentityServerAuthenticationJwt was challenged. 
2018-03-22 23:07:19.1768|12|IdentityServer4.AccessTokenValidation.IdentityServerAuthenticationHandler|INFO|AuthenticationScheme: Bearer was challenged. 
2018-03-22 23:07:19.4391|2|Microsoft.AspNetCore.Mvc.Internal.ControllerActionInvoker|INFO|Executed action KiraNet.Camellia.ApiService.Controllers.TestController.GetUser (KiraNet.Camellia.ApiService) in 1227.5422ms 
2018-03-22 23:07:20.3970|2|Microsoft.AspNetCore.Hosting.Internal.WebHost|INFO|Request finished in 2296.0068ms 401  
2018-03-22 23:08:37.7480|1|Microsoft.AspNetCore.Hosting.Internal.WebHost|INFO|Request starting HTTP/1.1 GET http://localhost:5100/swagger/   
2018-03-22 23:08:39.5649|2|Microsoft.AspNetCore.Hosting.Internal.WebHost|INFO|Request finished in 2123.7617ms 200 text/html 
2018-03-22 23:08:49.5031|1|Microsoft.AspNetCore.Hosting.Internal.WebHost|INFO|Request starting HTTP/1.1 GET http://localhost:5100/swagger/v1/swagger.json   
2018-03-22 23:08:50.6853|0|Microsoft.AspNetCore.Diagnostics.ExceptionHandlerMiddleware|ERROR|An unhandled exception has occurred: Ambiguous HTTP method for action - KiraNet.Camellia.ApiService.Controllers.TestController.GetUser (KiraNet.Camellia.ApiService). Actions require an explicit HttpMethod binding for Swagger 2.0 Ambiguous HTTP method for action - KiraNet.Camellia.ApiService.Controllers.TestController.GetUser (KiraNet.Camellia.ApiService). Actions require an explicit HttpMethod binding for Swagger 2.0
2018-03-22 23:08:51.6360|2|Microsoft.AspNetCore.Hosting.Internal.WebHost|INFO|Request finished in 2174.1095ms 500 application/json 
2018-03-22 23:11:50.6124|1|Microsoft.AspNetCore.Hosting.Internal.WebHost|INFO|Request starting HTTP/1.1 GET http://localhost:5100/swagger/   
2018-03-22 23:11:52.0459|2|Microsoft.AspNetCore.Hosting.Internal.WebHost|INFO|Request finished in 1834.0572ms 200 text/html 
2018-03-22 23:11:58.4595|1|Microsoft.AspNetCore.Hosting.Internal.WebHost|INFO|Request starting HTTP/1.1 GET http://localhost:5100/swagger/v1/swagger.json   
2018-03-22 23:12:01.0124|2|Microsoft.AspNetCore.Hosting.Internal.WebHost|INFO|Request finished in 1913.9119ms 200 application/json 
2018-03-22 23:12:24.7140|1|Microsoft.AspNetCore.Hosting.Internal.WebHost|INFO|Request starting HTTP/1.1 GET http://localhost:5100/api/test/getuser   
2018-03-22 23:12:25.7544|2|Microsoft.AspNetCore.Authorization.DefaultAuthorizationService|INFO|Authorization failed for user: (null). 
2018-03-22 23:12:25.8951|3|Microsoft.AspNetCore.Mvc.Internal.ControllerActionInvoker|INFO|Authorization failed for the request at filter 'Microsoft.AspNetCore.Mvc.Authorization.AuthorizeFilter'. 
2018-03-22 23:12:26.0475|1|Microsoft.AspNetCore.Mvc.ChallengeResult|INFO|Executing ChallengeResult with authentication schemes (). 
2018-03-22 23:12:27.5217|12|Microsoft.AspNetCore.Authentication.JwtBearer.JwtBearerHandler|INFO|AuthenticationScheme: BearerIdentityServerAuthenticationJwt was challenged. 
2018-03-22 23:12:28.1382|12|IdentityServer4.AccessTokenValidation.IdentityServerAuthenticationHandler|INFO|AuthenticationScheme: Bearer was challenged. 
2018-03-22 23:12:28.6123|2|Microsoft.AspNetCore.Mvc.Internal.ControllerActionInvoker|INFO|Executed action KiraNet.Camellia.ApiService.Controllers.TestController.GetUser (KiraNet.Camellia.ApiService) in 2646.7446ms 
2018-03-22 23:12:29.3109|2|Microsoft.AspNetCore.Hosting.Internal.WebHost|INFO|Request finished in 4029.4251ms 401  
2018-03-22 23:13:47.9124|1|Microsoft.AspNetCore.Hosting.Internal.WebHost|INFO|Request starting HTTP/1.1 GET http://localhost:5100/swagger/   
2018-03-22 23:13:48.6816|2|Microsoft.AspNetCore.Hosting.Internal.WebHost|INFO|Request finished in 1238.5617ms 200 text/html 
2018-03-22 23:13:59.0390|1|Microsoft.AspNetCore.Hosting.Internal.WebHost|INFO|Request starting HTTP/1.1 GET http://localhost:5100/api/test/getuser   
2018-03-22 23:13:59.6161|2|Microsoft.AspNetCore.Authorization.DefaultAuthorizationService|INFO|Authorization failed for user: (null). 
2018-03-22 23:13:59.6751|3|Microsoft.AspNetCore.Mvc.Internal.ControllerActionInvoker|INFO|Authorization failed for the request at filter 'Microsoft.AspNetCore.Mvc.Authorization.AuthorizeFilter'. 
2018-03-22 23:13:59.7377|1|Microsoft.AspNetCore.Mvc.ChallengeResult|INFO|Executing ChallengeResult with authentication schemes (). 
2018-03-22 23:14:00.6048|12|Microsoft.AspNetCore.Authentication.JwtBearer.JwtBearerHandler|INFO|AuthenticationScheme: BearerIdentityServerAuthenticationJwt was challenged. 
2018-03-22 23:14:00.7039|12|IdentityServer4.AccessTokenValidation.IdentityServerAuthenticationHandler|INFO|AuthenticationScheme: Bearer was challenged. 
2018-03-22 23:14:00.8896|2|Microsoft.AspNetCore.Mvc.Internal.ControllerActionInvoker|INFO|Executed action KiraNet.Camellia.ApiService.Controllers.TestController.GetUser (KiraNet.Camellia.ApiService) in 1231.4053ms 
2018-03-22 23:14:01.2171|2|Microsoft.AspNetCore.Hosting.Internal.WebHost|INFO|Request finished in 1910.9103ms 401  
2018-03-22 23:14:13.0778|1|Microsoft.AspNetCore.Hosting.Internal.WebHost|INFO|Request starting HTTP/1.1 GET http://localhost:5100/api/test   
2018-03-22 23:14:13.2109|2|Microsoft.AspNetCore.Hosting.Internal.WebHost|INFO|Request finished in 42.846ms 404  
2018-03-22 23:14:20.4495|1|Microsoft.AspNetCore.Hosting.Internal.WebHost|INFO|Request starting HTTP/1.1 GET http://localhost:5100/api/test/getuser   
2018-03-22 23:14:20.4828|2|Microsoft.AspNetCore.Authorization.DefaultAuthorizationService|INFO|Authorization failed for user: (null). 
2018-03-22 23:14:20.5047|3|Microsoft.AspNetCore.Mvc.Internal.ControllerActionInvoker|INFO|Authorization failed for the request at filter 'Microsoft.AspNetCore.Mvc.Authorization.AuthorizeFilter'. 
2018-03-22 23:14:20.5333|1|Microsoft.AspNetCore.Mvc.ChallengeResult|INFO|Executing ChallengeResult with authentication schemes (). 
2018-03-22 23:14:20.5621|12|Microsoft.AspNetCore.Authentication.JwtBearer.JwtBearerHandler|INFO|AuthenticationScheme: BearerIdentityServerAuthenticationJwt was challenged. 
2018-03-22 23:14:20.5870|12|IdentityServer4.AccessTokenValidation.IdentityServerAuthenticationHandler|INFO|AuthenticationScheme: Bearer was challenged. 
2018-03-22 23:14:20.6162|2|Microsoft.AspNetCore.Mvc.Internal.ControllerActionInvoker|INFO|Executed action KiraNet.Camellia.ApiService.Controllers.TestController.GetUser (KiraNet.Camellia.ApiService) in 136.1929ms 
2018-03-22 23:14:20.6715|2|Microsoft.AspNetCore.Hosting.Internal.WebHost|INFO|Request finished in 196.6992ms 401  
2018-03-22 23:14:46.6418|1|Microsoft.AspNetCore.Hosting.Internal.WebHost|INFO|Request starting HTTP/1.1 GET http://localhost:5100/api/Test/GetUser   
2018-03-22 23:14:46.7096|2|Microsoft.AspNetCore.Authorization.DefaultAuthorizationService|INFO|Authorization failed for user: (null). 
2018-03-22 23:14:46.7978|3|Microsoft.AspNetCore.Mvc.Internal.ControllerActionInvoker|INFO|Authorization failed for the request at filter 'Microsoft.AspNetCore.Mvc.Authorization.AuthorizeFilter'. 
2018-03-22 23:14:46.9779|1|Microsoft.AspNetCore.Mvc.ChallengeResult|INFO|Executing ChallengeResult with authentication schemes (). 
2018-03-22 23:14:47.1043|12|Microsoft.AspNetCore.Authentication.JwtBearer.JwtBearerHandler|INFO|AuthenticationScheme: BearerIdentityServerAuthenticationJwt was challenged. 
2018-03-22 23:14:47.2998|12|IdentityServer4.AccessTokenValidation.IdentityServerAuthenticationHandler|INFO|AuthenticationScheme: Bearer was challenged. 
2018-03-22 23:14:47.5671|2|Microsoft.AspNetCore.Mvc.Internal.ControllerActionInvoker|INFO|Executed action KiraNet.Camellia.ApiService.Controllers.TestController.GetUser (KiraNet.Camellia.ApiService) in 676.1158ms 
2018-03-22 23:14:47.9084|2|Microsoft.AspNetCore.Hosting.Internal.WebHost|INFO|Request finished in 980.1052ms 401  
2018-03-22 23:15:08.8971|1|Microsoft.AspNetCore.Hosting.Internal.WebHost|INFO|Request starting HTTP/1.1 GET http://localhost:5100/api/Test/GetUser   
2018-03-22 23:15:08.9340|2|Microsoft.AspNetCore.Authorization.DefaultAuthorizationService|INFO|Authorization failed for user: (null). 
2018-03-22 23:15:09.0038|3|Microsoft.AspNetCore.Mvc.Internal.ControllerActionInvoker|INFO|Authorization failed for the request at filter 'Microsoft.AspNetCore.Mvc.Authorization.AuthorizeFilter'. 
2018-03-22 23:15:09.0394|1|Microsoft.AspNetCore.Mvc.ChallengeResult|INFO|Executing ChallengeResult with authentication schemes (). 
2018-03-22 23:15:09.0662|12|Microsoft.AspNetCore.Authentication.JwtBearer.JwtBearerHandler|INFO|AuthenticationScheme: BearerIdentityServerAuthenticationJwt was challenged. 
2018-03-22 23:15:09.0883|12|IdentityServer4.AccessTokenValidation.IdentityServerAuthenticationHandler|INFO|AuthenticationScheme: Bearer was challenged. 
2018-03-22 23:15:09.1161|2|Microsoft.AspNetCore.Mvc.Internal.ControllerActionInvoker|INFO|Executed action KiraNet.Camellia.ApiService.Controllers.TestController.GetUser (KiraNet.Camellia.ApiService) in 194.3011ms 
2018-03-22 23:15:09.1495|2|Microsoft.AspNetCore.Hosting.Internal.WebHost|INFO|Request finished in 251.6621ms 401  
2018-03-22 23:26:25.2786|1|Microsoft.AspNetCore.Hosting.Internal.WebHost|INFO|Request starting HTTP/1.1 GET http://localhost:5100/swagger/   
2018-03-22 23:26:25.9723|2|Microsoft.AspNetCore.Hosting.Internal.WebHost|INFO|Request finished in 639.0348ms 200 text/html 
2018-03-22 23:26:27.4879|1|Microsoft.AspNetCore.Hosting.Internal.WebHost|INFO|Request starting HTTP/1.1 GET http://localhost:5100/swagger/v1/swagger.json   
2018-03-22 23:26:28.2492|2|Microsoft.AspNetCore.Hosting.Internal.WebHost|INFO|Request finished in 752.8342ms 200 application/json 
2018-03-22 23:26:34.6589|1|Microsoft.AspNetCore.Hosting.Internal.WebHost|INFO|Request starting HTTP/1.1 GET http://localhost:5100/api/Test/GetUser   
2018-03-22 23:26:35.1811|2|Microsoft.AspNetCore.Authorization.DefaultAuthorizationService|INFO|Authorization failed for user: (null). 
2018-03-22 23:26:35.2036|3|Microsoft.AspNetCore.Mvc.Internal.ControllerActionInvoker|INFO|Authorization failed for the request at filter 'Microsoft.AspNetCore.Mvc.Authorization.AuthorizeFilter'. 
2018-03-22 23:26:35.2357|1|Microsoft.AspNetCore.Mvc.ChallengeResult|INFO|Executing ChallengeResult with authentication schemes (). 
2018-03-22 23:26:35.5751|12|Microsoft.AspNetCore.Authentication.JwtBearer.JwtBearerHandler|INFO|AuthenticationScheme: BearerIdentityServerAuthenticationJwt was challenged. 
2018-03-22 23:26:35.6034|12|IdentityServer4.AccessTokenValidation.IdentityServerAuthenticationHandler|INFO|AuthenticationScheme: Bearer was challenged. 
2018-03-22 23:26:35.7027|2|Microsoft.AspNetCore.Mvc.Internal.ControllerActionInvoker|INFO|Executed action KiraNet.Camellia.ApiService.Controllers.TestController.GetUser (KiraNet.Camellia.ApiService) in 497.6501ms 
2018-03-22 23:26:35.8675|2|Microsoft.AspNetCore.Hosting.Internal.WebHost|INFO|Request finished in 1081.3623ms 401  
2018-03-22 23:26:41.6290|1|Microsoft.AspNetCore.Hosting.Internal.WebHost|INFO|Request starting HTTP/1.1 GET http://localhost:5100/api/Test/GetUser   
2018-03-22 23:26:41.6789|2|Microsoft.AspNetCore.Authorization.DefaultAuthorizationService|INFO|Authorization failed for user: (null). 
2018-03-22 23:26:41.7168|3|Microsoft.AspNetCore.Mvc.Internal.ControllerActionInvoker|INFO|Authorization failed for the request at filter 'Microsoft.AspNetCore.Mvc.Authorization.AuthorizeFilter'. 
2018-03-22 23:26:41.7526|1|Microsoft.AspNetCore.Mvc.ChallengeResult|INFO|Executing ChallengeResult with authentication schemes (). 
2018-03-22 23:26:41.7813|12|Microsoft.AspNetCore.Authentication.JwtBearer.JwtBearerHandler|INFO|AuthenticationScheme: BearerIdentityServerAuthenticationJwt was challenged. 
2018-03-22 23:26:41.8187|12|IdentityServer4.AccessTokenValidation.IdentityServerAuthenticationHandler|INFO|AuthenticationScheme: Bearer was challenged. 
2018-03-22 23:26:41.8500|2|Microsoft.AspNetCore.Mvc.Internal.ControllerActionInvoker|INFO|Executed action KiraNet.Camellia.ApiService.Controllers.TestController.GetUser (KiraNet.Camellia.ApiService) in 192.7443ms 
2018-03-22 23:26:41.8946|2|Microsoft.AspNetCore.Hosting.Internal.WebHost|INFO|Request finished in 247.9233ms 401  
