2018-04-11 14:35:40.6305|1|Microsoft.AspNetCore.Hosting.Internal.WebHost|INFO|Request starting HTTP/1.1 GET http://localhost:5100/swagger/   
2018-04-11 14:35:43.8810|2|Microsoft.AspNetCore.Hosting.Internal.WebHost|INFO|Request finished in 3261.3079ms 200 text/html 
2018-04-11 14:35:45.0178|1|Microsoft.AspNetCore.Hosting.Internal.WebHost|INFO|Request starting HTTP/1.1 GET http://localhost:5100/swagger/v1/swagger.json   
2018-04-11 14:35:46.5163|2|Microsoft.AspNetCore.Hosting.Internal.WebHost|INFO|Request finished in 1219.8647ms 200 application/json 
2018-04-11 14:36:19.2210|1|Microsoft.AspNetCore.Hosting.Internal.WebHost|INFO|Request starting HTTP/1.1 OPTIONS http://localhost:5100/api/test/getuser   
2018-04-11 14:36:19.9611|1|Microsoft.AspNetCore.Hosting.Internal.WebHost|INFO|Request starting HTTP/1.1 OPTIONS http://localhost:5100/api/user/getusersimple   
2018-04-11 14:36:20.7412|4|Microsoft.AspNetCore.Cors.Infrastructure.CorsService|INFO|Policy execution successful. 
2018-04-11 14:36:21.1012|4|Microsoft.AspNetCore.Cors.Infrastructure.CorsService|INFO|Policy execution successful. 
2018-04-11 14:36:21.2133|2|Microsoft.AspNetCore.Hosting.Internal.WebHost|INFO|Request finished in 2740.7299ms 204  
2018-04-11 14:36:21.2568|2|Microsoft.AspNetCore.Hosting.Internal.WebHost|INFO|Request finished in 2749.1028ms 204  
2018-04-11 14:36:21.3388|1|Microsoft.AspNetCore.Hosting.Internal.WebHost|INFO|Request starting HTTP/1.1 GET http://localhost:5100/api/test/getuser   
2018-04-11 14:36:21.4856|1|Microsoft.AspNetCore.Hosting.Internal.WebHost|INFO|Request starting HTTP/1.1 GET http://localhost:5100/api/user/getusersimple   
2018-04-11 14:36:21.5599|4|Microsoft.AspNetCore.Cors.Infrastructure.CorsService|INFO|Policy execution successful. 
2018-04-11 14:36:21.6370|4|Microsoft.AspNetCore.Cors.Infrastructure.CorsService|INFO|Policy execution successful. 
2018-04-11 14:36:27.9716|2|Microsoft.AspNetCore.Authentication.JwtBearer.JwtBearerHandler|INFO|Successfully validated the token. 
2018-04-11 14:36:28.0443|2|Microsoft.AspNetCore.Authentication.JwtBearer.JwtBearerHandler|INFO|Successfully validated the token. 
2018-04-11 14:36:28.1407|8|Microsoft.AspNetCore.Authentication.JwtBearer.JwtBearerHandler|INFO|AuthenticationScheme: BearerIdentityServerAuthenticationJwt was successfully authenticated. 
2018-04-11 14:36:28.1575|8|Microsoft.AspNetCore.Authentication.JwtBearer.JwtBearerHandler|INFO|AuthenticationScheme: BearerIdentityServerAuthenticationJwt was successfully authenticated. 
2018-04-11 14:36:28.1736|8|IdentityServer4.AccessTokenValidation.IdentityServerAuthenticationHandler|INFO|AuthenticationScheme: Bearer was successfully authenticated. 
2018-04-11 14:36:28.1984|8|IdentityServer4.AccessTokenValidation.IdentityServerAuthenticationHandler|INFO|AuthenticationScheme: Bearer was successfully authenticated. 
2018-04-11 14:36:28.3399|2|Microsoft.AspNetCore.Hosting.Internal.WebHost|INFO|Request finished in 7036.6471ms 404  
2018-04-11 14:36:28.6220|1|Microsoft.AspNetCore.Authorization.DefaultAuthorizationService|INFO|Authorization was successful for user: admin. 
2018-04-11 14:36:28.7138|1|Microsoft.AspNetCore.Mvc.Internal.ControllerActionInvoker|INFO|Executing action method KiraNet.Camellia.ApiService.Controllers.TestController.GetUser (KiraNet.Camellia.ApiService) with arguments ((null)) - ModelState is Valid 
