2018-04-10 23:04:03.1884|1|Microsoft.AspNetCore.Hosting.Internal.WebHost|INFO|Request starting HTTP/1.1 GET http://localhost:5100/swagger/   
2018-04-10 23:04:06.0789|2|Microsoft.AspNetCore.Hosting.Internal.WebHost|INFO|Request finished in 3020.0526ms 200 text/html 
2018-04-10 23:04:11.4571|1|Microsoft.AspNetCore.Hosting.Internal.WebHost|INFO|Request starting HTTP/1.1 GET http://localhost:5100/swagger/swagger-ui-bundle.js   
2018-04-10 23:04:11.5923|1|Microsoft.AspNetCore.Hosting.Internal.WebHost|INFO|Request starting HTTP/1.1 GET http://localhost:5100/swagger/swagger-ui.css   
2018-04-10 23:04:11.9807|2|Microsoft.AspNetCore.StaticFiles.StaticFileMiddleware|INFO|Sending file. Request path: '/swagger-ui.css'. Physical path: 'N/A' 
2018-04-10 23:04:12.5958|1|Microsoft.AspNetCore.Hosting.Internal.WebHost|INFO|Request starting HTTP/1.1 GET http://localhost:5100/swagger/swagger-ui-standalone-preset.js   
2018-04-10 23:04:13.1846|2|Microsoft.AspNetCore.StaticFiles.StaticFileMiddleware|INFO|Sending file. Request path: '/swagger-ui-bundle.js'. Physical path: 'N/A' 
2018-04-10 23:04:13.6437|2|Microsoft.AspNetCore.Hosting.Internal.WebHost|INFO|Request finished in 1821.2254ms 200 text/css 
2018-04-10 23:04:13.9156|2|Microsoft.AspNetCore.StaticFiles.StaticFileMiddleware|INFO|Sending file. Request path: '/swagger-ui-standalone-preset.js'. Physical path: 'N/A' 
2018-04-10 23:04:14.6819|2|Microsoft.AspNetCore.Hosting.Internal.WebHost|INFO|Request finished in 3180.413ms 200 application/javascript 
2018-04-10 23:04:16.1039|2|Microsoft.AspNetCore.Hosting.Internal.WebHost|INFO|Request finished in 4435.8643ms 200 application/javascript 
2018-04-10 23:04:17.9729|1|Microsoft.AspNetCore.Hosting.Internal.WebHost|INFO|Request starting HTTP/1.1 GET http://localhost:5100/swagger/v1/swagger.json   
2018-04-10 23:04:18.5723|1|Microsoft.AspNetCore.Hosting.Internal.WebHost|INFO|Request starting HTTP/1.1 GET http://localhost:5100/swagger/favicon-32x32.png   
2018-04-10 23:04:18.8996|2|Microsoft.AspNetCore.StaticFiles.StaticFileMiddleware|INFO|Sending file. Request path: '/favicon-32x32.png'. Physical path: 'N/A' 
2018-04-10 23:04:19.2818|2|Microsoft.AspNetCore.Hosting.Internal.WebHost|INFO|Request finished in 775.4237ms 200 image/png 
2018-04-10 23:04:19.6833|1|Microsoft.AspNetCore.Hosting.Internal.WebHost|INFO|Request starting HTTP/1.1 GET http://localhost:5100/swagger/favicon-16x16.png   
2018-04-10 23:04:20.1633|2|Microsoft.AspNetCore.StaticFiles.StaticFileMiddleware|INFO|Sending file. Request path: '/favicon-16x16.png'. Physical path: 'N/A' 
2018-04-10 23:04:20.6789|2|Microsoft.AspNetCore.Hosting.Internal.WebHost|INFO|Request finished in 653.9241ms 200 image/png 
2018-04-10 23:04:21.4322|2|Microsoft.AspNetCore.Hosting.Internal.WebHost|INFO|Request finished in 3442.8203ms 200 application/json 
2018-04-10 23:07:59.0157|1|Microsoft.AspNetCore.Hosting.Internal.WebHost|INFO|Request starting HTTP/1.1 OPTIONS http://localhost:5100/api/test/getuser   
2018-04-10 23:07:59.0718|4|Microsoft.AspNetCore.Cors.Infrastructure.CorsService|INFO|Policy execution successful. 
2018-04-10 23:07:59.1280|2|Microsoft.AspNetCore.Hosting.Internal.WebHost|INFO|Request finished in 123.3116ms 204  
2018-04-10 23:07:59.1655|1|Microsoft.AspNetCore.Hosting.Internal.WebHost|INFO|Request starting HTTP/1.1 GET http://localhost:5100/api/test/getuser   
2018-04-10 23:07:59.1897|4|Microsoft.AspNetCore.Cors.Infrastructure.CorsService|INFO|Policy execution successful. 
2018-04-10 23:08:01.6871|2|Microsoft.AspNetCore.Authentication.JwtBearer.JwtBearerHandler|INFO|Successfully validated the token. 
2018-04-10 23:08:01.7108|8|Microsoft.AspNetCore.Authentication.JwtBearer.JwtBearerHandler|INFO|AuthenticationScheme: BearerIdentityServerAuthenticationJwt was successfully authenticated. 
2018-04-10 23:08:01.7389|8|IdentityServer4.AccessTokenValidation.IdentityServerAuthenticationHandler|INFO|AuthenticationScheme: Bearer was successfully authenticated. 
2018-04-10 23:08:02.2486|1|Microsoft.AspNetCore.Authorization.DefaultAuthorizationService|INFO|Authorization was successful for user: admin. 
2018-04-10 23:08:02.3220|1|Microsoft.AspNetCore.Mvc.Internal.ControllerActionInvoker|INFO|Executing action method KiraNet.Camellia.ApiService.Controllers.TestController.GetUser (KiraNet.Camellia.ApiService) with arguments ((null)) - ModelState is Valid 
2018-04-10 23:08:02.3606|1|Microsoft.AspNetCore.Mvc.Formatters.Json.Internal.JsonResultExecutor|INFO|Executing JsonResult, writing value System.Linq.Enumerable+SelectEnumerableIterator`2[System.Security.Claims.Claim,<>f__AnonymousType0`2[System.String,System.String]]. 
2018-04-10 23:08:02.4396|2|Microsoft.AspNetCore.Mvc.Internal.ControllerActionInvoker|INFO|Executed action KiraNet.Camellia.ApiService.Controllers.TestController.GetUser (KiraNet.Camellia.ApiService) in 271.5031ms 
2018-04-10 23:08:02.4734|2|Microsoft.AspNetCore.Hosting.Internal.WebHost|INFO|Request finished in 3294.1377ms 200 application/json; charset=utf-8 
2018-04-10 23:15:08.1544|1|Microsoft.AspNetCore.Hosting.Internal.WebHost|INFO|Request starting HTTP/1.1 GET http://localhost:5100/swagger/   
2018-04-10 23:15:09.0855|2|Microsoft.AspNetCore.Hosting.Internal.WebHost|INFO|Request finished in 634.1763ms 200 text/html 
2018-04-10 23:15:23.6375|1|Microsoft.AspNetCore.Hosting.Internal.WebHost|INFO|Request starting HTTP/1.1 OPTIONS http://localhost:5100/api/test/getuser   
2018-04-10 23:15:23.6686|4|Microsoft.AspNetCore.Cors.Infrastructure.CorsService|INFO|Policy execution successful. 
2018-04-10 23:15:23.7349|2|Microsoft.AspNetCore.Hosting.Internal.WebHost|INFO|Request finished in 79.4661ms 204  
2018-04-10 23:15:23.7892|1|Microsoft.AspNetCore.Hosting.Internal.WebHost|INFO|Request starting HTTP/1.1 GET http://localhost:5100/api/test/getuser   
2018-04-10 23:15:23.8502|4|Microsoft.AspNetCore.Cors.Infrastructure.CorsService|INFO|Policy execution successful. 
2018-04-10 23:15:28.9162|2|Microsoft.AspNetCore.Authentication.JwtBearer.JwtBearerHandler|INFO|Successfully validated the token. 
2018-04-10 23:15:28.9456|8|Microsoft.AspNetCore.Authentication.JwtBearer.JwtBearerHandler|INFO|AuthenticationScheme: BearerIdentityServerAuthenticationJwt was successfully authenticated. 
2018-04-10 23:15:28.9696|8|IdentityServer4.AccessTokenValidation.IdentityServerAuthenticationHandler|INFO|AuthenticationScheme: Bearer was successfully authenticated. 
2018-04-10 23:15:29.5922|1|Microsoft.AspNetCore.Authorization.DefaultAuthorizationService|INFO|Authorization was successful for user: admin. 
2018-04-10 23:15:29.7527|1|Microsoft.AspNetCore.Mvc.Internal.ControllerActionInvoker|INFO|Executing action method KiraNet.Camellia.ApiService.Controllers.TestController.GetUser (KiraNet.Camellia.ApiService) with arguments ((null)) - ModelState is Valid 
2018-04-10 23:15:29.8032|1|Microsoft.AspNetCore.Mvc.Formatters.Json.Internal.JsonResultExecutor|INFO|Executing JsonResult, writing value System.Linq.Enumerable+SelectEnumerableIterator`2[System.Security.Claims.Claim,<>f__AnonymousType0`2[System.String,System.String]]. 
2018-04-10 23:15:29.8904|2|Microsoft.AspNetCore.Mvc.Internal.ControllerActionInvoker|INFO|Executed action KiraNet.Camellia.ApiService.Controllers.TestController.GetUser (KiraNet.Camellia.ApiService) in 489.9486ms 
2018-04-10 23:15:29.9454|2|Microsoft.AspNetCore.Hosting.Internal.WebHost|INFO|Request finished in 6141.0616ms 200 application/json; charset=utf-8 
2018-04-10 23:18:25.8144|1|Microsoft.AspNetCore.Hosting.Internal.WebHost|INFO|Request starting HTTP/1.1 GET http://localhost:5100/swagger/   
2018-04-10 23:18:26.5808|2|Microsoft.AspNetCore.Hosting.Internal.WebHost|INFO|Request finished in 648.7594ms 200 text/html 
2018-04-10 23:18:45.0598|1|Microsoft.AspNetCore.Hosting.Internal.WebHost|INFO|Request starting HTTP/1.1 OPTIONS http://localhost:5100/api/test/getuser   
2018-04-10 23:18:45.0820|4|Microsoft.AspNetCore.Cors.Infrastructure.CorsService|INFO|Policy execution successful. 
2018-04-10 23:18:45.1327|2|Microsoft.AspNetCore.Hosting.Internal.WebHost|INFO|Request finished in 71.045ms 204  
2018-04-10 23:18:45.1598|1|Microsoft.AspNetCore.Hosting.Internal.WebHost|INFO|Request starting HTTP/1.1 GET http://localhost:5100/api/test/getuser   
2018-04-10 23:18:45.1755|4|Microsoft.AspNetCore.Cors.Infrastructure.CorsService|INFO|Policy execution successful. 
2018-04-10 23:18:47.4490|2|Microsoft.AspNetCore.Authentication.JwtBearer.JwtBearerHandler|INFO|Successfully validated the token. 
2018-04-10 23:18:47.4739|8|Microsoft.AspNetCore.Authentication.JwtBearer.JwtBearerHandler|INFO|AuthenticationScheme: BearerIdentityServerAuthenticationJwt was successfully authenticated. 
2018-04-10 23:18:47.5015|8|IdentityServer4.AccessTokenValidation.IdentityServerAuthenticationHandler|INFO|AuthenticationScheme: Bearer was successfully authenticated. 
2018-04-10 23:18:47.8155|1|Microsoft.AspNetCore.Authorization.DefaultAuthorizationService|INFO|Authorization was successful for user: admin. 
2018-04-10 23:18:47.8786|1|Microsoft.AspNetCore.Mvc.Internal.ControllerActionInvoker|INFO|Executing action method KiraNet.Camellia.ApiService.Controllers.TestController.GetUser (KiraNet.Camellia.ApiService) with arguments ((null)) - ModelState is Valid 
2018-04-10 23:18:47.9278|1|Microsoft.AspNetCore.Mvc.Formatters.Json.Internal.JsonResultExecutor|INFO|Executing JsonResult, writing value System.Linq.Enumerable+SelectEnumerableIterator`2[System.Security.Claims.Claim,<>f__AnonymousType0`2[System.String,System.String]]. 
2018-04-10 23:18:48.0068|2|Microsoft.AspNetCore.Mvc.Internal.ControllerActionInvoker|INFO|Executed action KiraNet.Camellia.ApiService.Controllers.TestController.GetUser (KiraNet.Camellia.ApiService) in 194.9318ms 
2018-04-10 23:18:48.0463|2|Microsoft.AspNetCore.Hosting.Internal.WebHost|INFO|Request finished in 2867.6136ms 200 application/json; charset=utf-8 
2018-04-10 23:20:55.8107|1|Microsoft.AspNetCore.Hosting.Internal.WebHost|INFO|Request starting HTTP/1.1 GET http://localhost:5100/swagger/   
2018-04-10 23:20:57.3174|2|Microsoft.AspNetCore.Hosting.Internal.WebHost|INFO|Request finished in 1245.4521ms 200 text/html 
2018-04-10 23:21:34.6121|1|Microsoft.AspNetCore.Hosting.Internal.WebHost|INFO|Request starting HTTP/1.1 OPTIONS http://localhost:5100/api/test/getuser   
2018-04-10 23:21:34.6457|4|Microsoft.AspNetCore.Cors.Infrastructure.CorsService|INFO|Policy execution successful. 
2018-04-10 23:21:34.6811|2|Microsoft.AspNetCore.Hosting.Internal.WebHost|INFO|Request finished in 65.7909ms 204  
2018-04-10 23:21:34.7014|1|Microsoft.AspNetCore.Hosting.Internal.WebHost|INFO|Request starting HTTP/1.1 GET http://localhost:5100/api/test/getuser   
2018-04-10 23:21:34.7170|4|Microsoft.AspNetCore.Cors.Infrastructure.CorsService|INFO|Policy execution successful. 
2018-04-10 23:21:36.3242|2|Microsoft.AspNetCore.Authentication.JwtBearer.JwtBearerHandler|INFO|Successfully validated the token. 
2018-04-10 23:21:36.3445|8|Microsoft.AspNetCore.Authentication.JwtBearer.JwtBearerHandler|INFO|AuthenticationScheme: BearerIdentityServerAuthenticationJwt was successfully authenticated. 
2018-04-10 23:21:36.3616|8|IdentityServer4.AccessTokenValidation.IdentityServerAuthenticationHandler|INFO|AuthenticationScheme: Bearer was successfully authenticated. 
2018-04-10 23:21:36.7188|1|Microsoft.AspNetCore.Authorization.DefaultAuthorizationService|INFO|Authorization was successful for user: admin. 
2018-04-10 23:21:36.7851|1|Microsoft.AspNetCore.Mvc.Internal.ControllerActionInvoker|INFO|Executing action method KiraNet.Camellia.ApiService.Controllers.TestController.GetUser (KiraNet.Camellia.ApiService) with arguments ((null)) - ModelState is Valid 
2018-04-10 23:21:36.8216|1|Microsoft.AspNetCore.Mvc.Formatters.Json.Internal.JsonResultExecutor|INFO|Executing JsonResult, writing value System.Linq.Enumerable+SelectEnumerableIterator`2[System.Security.Claims.Claim,<>f__AnonymousType0`2[System.String,System.String]]. 
2018-04-10 23:21:36.8988|2|Microsoft.AspNetCore.Mvc.Internal.ControllerActionInvoker|INFO|Executed action KiraNet.Camellia.ApiService.Controllers.TestController.GetUser (KiraNet.Camellia.ApiService) in 189.6125ms 
2018-04-10 23:21:36.9366|2|Microsoft.AspNetCore.Hosting.Internal.WebHost|INFO|Request finished in 2215.3238ms 200 application/json; charset=utf-8 
2018-04-10 23:23:34.9123|1|Microsoft.AspNetCore.Hosting.Internal.WebHost|INFO|Request starting HTTP/1.1 GET http://localhost:5100/swagger/   
2018-04-10 23:23:35.9002|2|Microsoft.AspNetCore.Hosting.Internal.WebHost|INFO|Request finished in 1013.1448ms 200 text/html 
2018-04-10 23:23:37.7544|1|Microsoft.AspNetCore.Hosting.Internal.WebHost|INFO|Request starting HTTP/1.1 GET http://localhost:5100/swagger/v1/swagger.json   
2018-04-10 23:23:39.8664|2|Microsoft.AspNetCore.Hosting.Internal.WebHost|INFO|Request finished in 1754.3635ms 200 application/json 
2018-04-10 23:26:36.7905|1|Microsoft.AspNetCore.Hosting.Internal.WebHost|INFO|Request starting HTTP/1.1 GET http://localhost:5100/swagger/   
2018-04-10 23:26:37.7402|2|Microsoft.AspNetCore.Hosting.Internal.WebHost|INFO|Request finished in 626.7293ms 200 text/html 
2018-04-10 23:26:38.8634|1|Microsoft.AspNetCore.Hosting.Internal.WebHost|INFO|Request starting HTTP/1.1 GET http://localhost:5100/swagger/v1/swagger.json   
2018-04-10 23:26:39.7705|2|Microsoft.AspNetCore.Hosting.Internal.WebHost|INFO|Request finished in 931.7509ms 200 application/json 
2018-04-10 23:28:09.1809|1|Microsoft.AspNetCore.Hosting.Internal.WebHost|INFO|Request starting HTTP/1.1 OPTIONS http://localhost:5100/api/test/getuser   
2018-04-10 23:28:09.2017|4|Microsoft.AspNetCore.Cors.Infrastructure.CorsService|INFO|Policy execution successful. 
2018-04-10 23:28:09.2423|2|Microsoft.AspNetCore.Hosting.Internal.WebHost|INFO|Request finished in 62.5313ms 204  
2018-04-10 23:28:09.2775|1|Microsoft.AspNetCore.Hosting.Internal.WebHost|INFO|Request starting HTTP/1.1 GET http://localhost:5100/api/test/getuser   
2018-04-10 23:28:09.2981|4|Microsoft.AspNetCore.Cors.Infrastructure.CorsService|INFO|Policy execution successful. 
2018-04-10 23:28:11.5186|2|Microsoft.AspNetCore.Authentication.JwtBearer.JwtBearerHandler|INFO|Successfully validated the token. 
2018-04-10 23:28:11.5383|8|Microsoft.AspNetCore.Authentication.JwtBearer.JwtBearerHandler|INFO|AuthenticationScheme: BearerIdentityServerAuthenticationJwt was successfully authenticated. 
2018-04-10 23:28:11.5604|8|IdentityServer4.AccessTokenValidation.IdentityServerAuthenticationHandler|INFO|AuthenticationScheme: Bearer was successfully authenticated. 
2018-04-10 23:28:11.8455|1|Microsoft.AspNetCore.Authorization.DefaultAuthorizationService|INFO|Authorization was successful for user: admin. 
2018-04-10 23:28:11.9103|1|Microsoft.AspNetCore.Mvc.Internal.ControllerActionInvoker|INFO|Executing action method KiraNet.Camellia.ApiService.Controllers.TestController.GetUser (KiraNet.Camellia.ApiService) with arguments ((null)) - ModelState is Valid 
2018-04-10 23:28:11.9522|1|Microsoft.AspNetCore.Mvc.Formatters.Json.Internal.JsonResultExecutor|INFO|Executing JsonResult, writing value System.Linq.Enumerable+SelectEnumerableIterator`2[System.Security.Claims.Claim,<>f__AnonymousType0`2[System.String,System.String]]. 
2018-04-10 23:28:12.0233|2|Microsoft.AspNetCore.Mvc.Internal.ControllerActionInvoker|INFO|Executed action KiraNet.Camellia.ApiService.Controllers.TestController.GetUser (KiraNet.Camellia.ApiService) in 186.8482ms 
2018-04-10 23:28:12.0666|2|Microsoft.AspNetCore.Hosting.Internal.WebHost|INFO|Request finished in 2769.275ms 200 application/json; charset=utf-8 
2018-04-10 23:29:19.4459|1|Microsoft.AspNetCore.Hosting.Internal.WebHost|INFO|Request starting HTTP/1.1 GET http://localhost:5100/swagger/   
2018-04-10 23:29:20.2281|2|Microsoft.AspNetCore.Hosting.Internal.WebHost|INFO|Request finished in 872.6205ms 200 text/html 
2018-04-10 23:31:47.6469|1|Microsoft.AspNetCore.Hosting.Internal.WebHost|INFO|Request starting HTTP/1.1 OPTIONS http://localhost:5100/api/test/getuser   
2018-04-10 23:31:47.6675|4|Microsoft.AspNetCore.Cors.Infrastructure.CorsService|INFO|Policy execution successful. 
2018-04-10 23:31:47.7067|2|Microsoft.AspNetCore.Hosting.Internal.WebHost|INFO|Request finished in 61.0355ms 204  
2018-04-10 23:31:47.7283|1|Microsoft.AspNetCore.Hosting.Internal.WebHost|INFO|Request starting HTTP/1.1 GET http://localhost:5100/api/test/getuser   
2018-04-10 23:31:47.7465|4|Microsoft.AspNetCore.Cors.Infrastructure.CorsService|INFO|Policy execution successful. 
2018-04-10 23:31:49.4715|2|Microsoft.AspNetCore.Authentication.JwtBearer.JwtBearerHandler|INFO|Successfully validated the token. 
2018-04-10 23:31:49.5121|8|Microsoft.AspNetCore.Authentication.JwtBearer.JwtBearerHandler|INFO|AuthenticationScheme: BearerIdentityServerAuthenticationJwt was successfully authenticated. 
2018-04-10 23:31:49.5390|8|IdentityServer4.AccessTokenValidation.IdentityServerAuthenticationHandler|INFO|AuthenticationScheme: Bearer was successfully authenticated. 
2018-04-10 23:31:49.9101|1|Microsoft.AspNetCore.Authorization.DefaultAuthorizationService|INFO|Authorization was successful for user: admin. 
2018-04-10 23:31:49.9734|1|Microsoft.AspNetCore.Mvc.Internal.ControllerActionInvoker|INFO|Executing action method KiraNet.Camellia.ApiService.Controllers.TestController.GetUser (KiraNet.Camellia.ApiService) with arguments ((null)) - ModelState is Valid 
2018-04-10 23:31:50.0187|1|Microsoft.AspNetCore.Mvc.Formatters.Json.Internal.JsonResultExecutor|INFO|Executing JsonResult, writing value System.Linq.Enumerable+SelectEnumerableIterator`2[System.Security.Claims.Claim,<>f__AnonymousType0`2[System.String,System.String]]. 
2018-04-10 23:31:50.0969|2|Microsoft.AspNetCore.Mvc.Internal.ControllerActionInvoker|INFO|Executed action KiraNet.Camellia.ApiService.Controllers.TestController.GetUser (KiraNet.Camellia.ApiService) in 199.1579ms 
2018-04-10 23:31:50.1334|2|Microsoft.AspNetCore.Hosting.Internal.WebHost|INFO|Request finished in 2387.2416ms 200 application/json; charset=utf-8 
